0	d5.txt	2
1	d5.txt	15
10	d5.txt	1
100	d5.txt	1
1000	d5.txt	1
102	d5.txt	1
11	d5.txt	2
116	d5.txt	1
11th	d5.txt	1
1200	d5.txt	1
12000	d5.txt	1
120000	d5.txt	1
123	d5.txt	2
124	d5.txt	1
126	d5.txt	1
14000	d5.txt	1
141	d5.txt	1
1439	d5.txt	1
1477	d5.txt	2
1480	d5.txt	1
1483	d5.txt	1
1494	d5.txt	1
1500	d5.txt	1
1551	d5.txt	1
1568	d5.txt	1
1569	d5.txt	1
1587	d5.txt	1
1592	d5.txt	1
15s	d5.txt	1
15th	d5.txt	1
1612	d5.txt	1
1617	d5.txt	1
1626	d5.txt	2
1640	d5.txt	1
1650	d5.txt	1
1664	d5.txt	1
1665	d5.txt	1
1666	d5.txt	1
1680	d5.txt	1
1683	d5.txt	1
16th	d5.txt	1
1700	d5.txt	1
1710	d5.txt	1
1731	d5.txt	1
1775	d5.txt	1
1785	d5.txt	1
178990	d5.txt	1
17th	d5.txt	1
18	d5.txt	1
1844	d5.txt	1
1847	d5.txt	1
1851	d5.txt	1
1854	d5.txt	1
1858	d5.txt	2
1862	d5.txt	2
1867	d5.txt	1
1870	d5.txt	2
1871	d5.txt	1
1874	d5.txt	1
1877	d5.txt	4
1879	d5.txt	7
1880	d5.txt	4
1881	d5.txt	1
1885	d5.txt	1
1887	d5.txt	2
18th	d5.txt	1
19	d5.txt	2
1s	d5.txt	1
2	d5.txt	3
21	d5.txt	1
212	d5.txt	2
23	d5.txt	1
250	d5.txt	1
27	d5.txt	2
3	d5.txt	2
30	d5.txt	2
301283	d5.txt	1
31	d5.txt	2
35	d5.txt	1
3s	d5.txt	2
4	d5.txt	2
40	d5.txt	2
41	d5.txt	1
43	d5.txt	1
45	d5.txt	1
48	d5.txt	2
4o	d5.txt	2
5	d5.txt	1
50	d5.txt	2
5000	d5.txt	1
50000	d5.txt	2
500000	d5.txt	1
51	d5.txt	2
54	d5.txt	1
55	d5.txt	1
57	d5.txt	2
58	d5.txt	1
6	d5.txt	1
60	d5.txt	1
61	d5.txt	2
640	d5.txt	1
66	d5.txt	1
69	d5.txt	1
6d	d5.txt	2
6s	d5.txt	1
7	d5.txt	2
700000	d5.txt	1
71	d5.txt	2
73	d5.txt	1
76	d5.txt	1
77	d5.txt	3
78	d5.txt	3
800	d5.txt	1
81	d5.txt	5
83	d5.txt	1
87	d5.txt	3
88	d5.txt	1
8vo	d5.txt	3
9	d5.txt	1
90	d5.txt	2
99	d5.txt	1
9d	d5.txt	1
a	d5.txt	548
abbey	d5.txt	2
abhorred	d5.txt	1
ability	d5.txt	1
ablaze	d5.txt	1
able	d5.txt	1
abolish	d5.txt	1
abominable	d5.txt	1
about	d5.txt	23
above	d5.txt	7
abrasion	d5.txt	1
abroad	d5.txt	1
absence	d5.txt	2
absent	d5.txt	1
absolutely	d5.txt	1
absorbed	d5.txt	1
abstracting	d5.txt	1
abstulisti	d5.txt	1
absurd	d5.txt	1
absurdly	d5.txt	1
abundance	d5.txt	2
abused	d5.txt	1
academic	d5.txt	1
academy	d5.txt	3
acanis	d5.txt	1
acarus	d5.txt	1
accepted	d5.txt	1
accepts	d5.txt	1
accompanies	d5.txt	2
accomplished	d5.txt	1
accordance	d5.txt	2
according	d5.txt	2
accordingly	d5.txt	1
accosted	d5.txt	1
account	d5.txt	11
accounts	d5.txt	2
accuracy	d5.txt	1
accurate	d5.txt	1
accurately	d5.txt	1
accustomed	d5.txt	1
acid	d5.txt	1
acknowledged	d5.txt	3
acquaintance	d5.txt	3
acquainted	d5.txt	1
across	d5.txt	3
act	d5.txt	1
acting	d5.txt	1
action	d5.txt	1
activity	d5.txt	2
acts	d5.txt	2
actual	d5.txt	1
actually	d5.txt	3
ad	d5.txt	2
adam	d5.txt	1
add	d5.txt	4
added	d5.txt	1
addicted	d5.txt	1
addition	d5.txt	1
addressed	d5.txt	1
addresses	d5.txt	1
adds	d5.txt	1
adhere	d5.txt	1
adjoining	d5.txt	1
admire	d5.txt	1
admission	d5.txt	2
adopted	d5.txt	1
adorn	d5.txt	1
adornment	d5.txt	1
adulterants	d5.txt	1
adulteration	d5.txt	1
advantage	d5.txt	1
advice	d5.txt	1
advocate	d5.txt	1
affectations	d5.txt	1
affecting	d5.txt	1
affection	d5.txt	1
afford	d5.txt	1
afforded	d5.txt	2
affords	d5.txt	2
afraied	d5.txt	1
after	d5.txt	37
afternoon	d5.txt	1
afterwards	d5.txt	2
again	d5.txt	8
against	d5.txt	12
age	d5.txt	8
agent	d5.txt	1
ages	d5.txt	6
aglossa	d5.txt	2
ago	d5.txt	23
ahalf	d5.txt	1
air	d5.txt	8
airiest	d5.txt	1
alas	d5.txt	2
albans	d5.txt	2
albansrecollet	d5.txt	1
albermarle	d5.txt	2
alchemy	d5.txt	1
alcove	d5.txt	1
alexandria	d5.txt	1
alexandrian	d5.txt	1
alike	d5.txt	2
alive	d5.txt	1
all	d5.txt	82
alldevouring	d5.txt	1
alle	d5.txt	1
allied	d5.txt	1
allow	d5.txt	1
allowed	d5.txt	7
allows	d5.txt	1
almost	d5.txt	4
alone	d5.txt	6
along	d5.txt	3
alphabetical	d5.txt	1
already	d5.txt	4
also	d5.txt	13
altered	d5.txt	1
althorp	d5.txt	2
although	d5.txt	18
altogether	d5.txt	1
always	d5.txt	8
am	d5.txt	8
amassed	d5.txt	1
amateur	d5.txt	1
amazing	d5.txt	1
american	d5.txt	4
among	d5.txt	15
amount	d5.txt	5
amsterdam	d5.txt	1
amuse	d5.txt	2
amusing	d5.txt	3
an	d5.txt	74
analogy	d5.txt	1
anathemas	d5.txt	1
ancestors	d5.txt	3
ancestral	d5.txt	1
ancient	d5.txt	2
and	d5.txt	706
andalas	d5.txt	1
anderson	d5.txt	2
anecdote	d5.txt	7
anecdotes	d5.txt	1
angles	d5.txt	1
animal	d5.txt	1
animals	d5.txt	1
annals	d5.txt	1
announced	d5.txt	2
announcing	d5.txt	1
annoy	d5.txt	1
annoyance	d5.txt	2
annoyances	d5.txt	1
annoyed	d5.txt	1
annually	d5.txt	1
anobium	d5.txt	10
another	d5.txt	24
answer	d5.txt	3
answered	d5.txt	1
ant	d5.txt	1
antagonism	d5.txt	1
antimacassars	d5.txt	1
antipathy	d5.txt	1
antiquarian	d5.txt	3
antiquaries	d5.txt	1
antiquary	d5.txt	3
antiquated	d5.txt	1
antique	d5.txt	1
antiquities	d5.txt	1
antiquity	d5.txt	3
ants	d5.txt	1
antwerp	d5.txt	4
antwerpshakespearian	d5.txt	1
anxieties	d5.txt	1
anxiety	d5.txt	1
anxious	d5.txt	4
any	d5.txt	42
anybody	d5.txt	1
anybodys	d5.txt	2
anyone	d5.txt	3
anything	d5.txt	2
anywhere	d5.txt	1
apostle	d5.txt	1
apostles	d5.txt	1
appalling	d5.txt	1
apparent	d5.txt	1
apparently	d5.txt	2
appeal	d5.txt	1
appear	d5.txt	4
appearance	d5.txt	7
appeared	d5.txt	2
appears	d5.txt	2
appended	d5.txt	1
appetite	d5.txt	2
applied	d5.txt	2
appointed	d5.txt	1
appointment	d5.txt	1
approached	d5.txt	1
approaching	d5.txt	1
april	d5.txt	2
apropos	d5.txt	2
apt	d5.txt	2
apulia	d5.txt	1
arabic	d5.txt	1
archaic	d5.txt	1
archbishop	d5.txt	2
architecture	d5.txt	1
are	d5.txt	127
arm	d5.txt	2
armour	d5.txt	1
army	d5.txt	2
arose	d5.txt	3
around	d5.txt	3
arranged	d5.txt	1
arrangements	d5.txt	1
arrival	d5.txt	1
arrive	d5.txt	2
arrived	d5.txt	1
art	d5.txt	3
arthur	d5.txt	1
article	d5.txt	3
articles	d5.txt	1
artillery	d5.txt	1
artistic	d5.txt	2
arts	d5.txt	2
as	d5.txt	172
asbestos	d5.txt	3
ascent	d5.txt	1
ashburnham	d5.txt	2
ashes	d5.txt	2
asiarch	d5.txt	2
ask	d5.txt	1
asked	d5.txt	5
aspect	d5.txt	2
aspectyou	d5.txt	1
assembled	d5.txt	2
assert	d5.txt	1
asses	d5.txt	2
assist	d5.txt	1
assistance	d5.txt	1
assistants	d5.txt	1
assload	d5.txt	1
associations	d5.txt	1
assume	d5.txt	1
assumes	d5.txt	1
assure	d5.txt	1
astonished	d5.txt	1
astonishing	d5.txt	1
astonishment	d5.txt	3
astounding	d5.txt	1
astrological	d5.txt	1
at	d5.txt	142
ate	d5.txt	2
athens	d5.txt	2
atingling	d5.txt	1
atkyns	d5.txt	3
atmosphere	d5.txt	2
atoms	d5.txt	1
attached	d5.txt	1
attack	d5.txt	3
attacked	d5.txt	5
attacking	d5.txt	1
attacks	d5.txt	2
attended	d5.txt	1
attention	d5.txt	5
attic	d5.txt	1
attracted	d5.txt	2
attraction	d5.txt	2
attractive	d5.txt	2
attributed	d5.txt	2
auctioneer	d5.txt	3
auctioneers	d5.txt	1
audax	d5.txt	2
aught	d5.txt	1
augmented	d5.txt	1
austin	d5.txt	1
author	d5.txt	2
authorities	d5.txt	1
authors	d5.txt	3
autograph	d5.txt	1
autographs	d5.txt	1
autumn	d5.txt	1
avail	d5.txt	1
avoid	d5.txt	1
awake	d5.txt	1
aware	d5.txt	1
away	d5.txt	20
b	d5.txt	2
bacca	d5.txt	1
back	d5.txt	10
backband	d5.txt	1
backs	d5.txt	6
bad	d5.txt	7
bagford	d5.txt	4
bakers	d5.txt	1
baking	d5.txt	1
balaclava	d5.txt	1
bald	d5.txt	1
bale	d5.txt	1
bandinel	d5.txt	2
bandineldermestesworm	d5.txt	1
banished	d5.txt	1
banishment	d5.txt	1
barbaric	d5.txt	1
barbarous	d5.txt	2
bare	d5.txt	1
bargain	d5.txt	1
barytes	d5.txt	1
bashfulness	d5.txt	1
bath	d5.txt	2
bathe	d5.txt	1
battle	d5.txt	3
battue	d5.txt	1
bc	d5.txt	1
be	d5.txt	141
bear	d5.txt	2
bearings	d5.txt	1
beast	d5.txt	2
beautiful	d5.txt	2
beautifully	d5.txt	3
beautifullyblended	d5.txt	1
beauty	d5.txt	4
became	d5.txt	6
because	d5.txt	9
become	d5.txt	9
becomes	d5.txt	3
bedding	d5.txt	1
beedham	d5.txt	1
been	d5.txt	79
beer	d5.txt	1
beetle	d5.txt	3
beetles	d5.txt	1
before	d5.txt	27
beforeproving	d5.txt	1
befouls	d5.txt	1
beg	d5.txt	1
began	d5.txt	2
begets	d5.txt	1
begged	d5.txt	3
beginning	d5.txt	4
behind	d5.txt	6
behold	d5.txt	1
beholders	d5.txt	1
being	d5.txt	41
belief	d5.txt	2
believe	d5.txt	1
bellows	d5.txt	1
belly	d5.txt	1
bellye	d5.txt	1
belongs	d5.txt	1
below	d5.txt	2
bench	d5.txt	1
bene	d5.txt	1
beneath	d5.txt	4
benefactors	d5.txt	1
benefit	d5.txt	1
bent	d5.txt	1
besides	d5.txt	1
best	d5.txt	10
bestand	d5.txt	1
bestia	d5.txt	2
betide	d5.txt	1
betrayed	d5.txt	1
better	d5.txt	5
between	d5.txt	12
beware	d5.txt	3
beyond	d5.txt	1
bible	d5.txt	2
biblelepisma	d5.txt	1
biblioclast	d5.txt	1
biblioclastillustrations	d5.txt	1
biblioclasts	d5.txt	2
bibliographer	d5.txt	3
bibliographers	d5.txt	1
bibliographical	d5.txt	14
bibliographically	d5.txt	1
bibliography	d5.txt	1
bibliomania	d5.txt	1
bibliomaniacs	d5.txt	2
bibliopegist	d5.txt	1
bibliophile	d5.txt	3
bibliophiles	d5.txt	1
bibliotaph	d5.txt	1
bibliotheca	d5.txt	1
bid	d5.txt	2
biddings	d5.txt	1
bigg	d5.txt	1
bigotry	d5.txt	4
bill	d5.txt	3
bind	d5.txt	2
binder	d5.txt	17
binders	d5.txt	10
bindersnot	d5.txt	1
binding	d5.txt	16
bindings	d5.txt	7
biography	d5.txt	1
bird	d5.txt	3
birdsall	d5.txt	1
birmingham	d5.txt	2
birthday	d5.txt	1
birthplace	d5.txt	1
biscuitbox	d5.txt	1
bishops	d5.txt	2
biting	d5.txt	1
bits	d5.txt	1
black	d5.txt	4
blackbeetle	d5.txt	3
blackheaded	d5.txt	1
blackletter	d5.txt	9
bladesi	d5.txt	1
blank	d5.txt	4
blanks	d5.txt	1
blast	d5.txt	1
blatta	d5.txt	1
bleach	d5.txt	3
bleaches	d5.txt	1
bless	d5.txt	1
blessed	d5.txt	2
blood	d5.txt	1
bloodstained	d5.txt	1
blows	d5.txt	2
blue	d5.txt	1
bluebeard	d5.txt	1
bluebooks	d5.txt	1
blundering	d5.txt	1
blunders	d5.txt	1
blunt	d5.txt	1
blyton	d5.txt	1
board	d5.txt	1
boards	d5.txt	11
boast	d5.txt	2
boccaccio	d5.txt	3
boccaccios	d5.txt	2
bodies	d5.txt	1
bodleian	d5.txt	2
body	d5.txt	6
boethius	d5.txt	1
boiling	d5.txt	1
boke	d5.txt	4
bombardedoffor	d5.txt	1
bones	d5.txt	1
bonfires	d5.txt	3
bonne	d5.txt	1
book	d5.txt	62
bookbinder	d5.txt	3
bookbinders	d5.txt	4
bookbinding	d5.txt	1
bookcase	d5.txt	2
bookcases	d5.txt	3
bookcoversbooks	d5.txt	1
bookdecaythat	d5.txt	1
booke	d5.txt	1
bookes	d5.txt	1
bookfish	d5.txt	1
booklover	d5.txt	2
booklovers	d5.txt	1
bookmurder	d5.txt	1
bookpacket	d5.txt	1
bookparish	d5.txt	1
bookreverence	d5.txt	1
books	d5.txt	209
booksale	d5.txt	1
bookscowper	d5.txt	1
bookseller	d5.txt	6
booksellers	d5.txt	1
booksenjoyment	d5.txt	1
booksexamplesstory	d5.txt	1
bookshelves	d5.txt	4
booksif	d5.txt	1
bookslegend	d5.txt	1
bookslincoln	d5.txt	1
booksmetal	d5.txt	1
bookspatent	d5.txt	1
booksrubens	d5.txt	1
bookwork	d5.txt	1
bookworm	d5.txt	13
bookworms	d5.txt	2
bookwormsgreek	d5.txt	1
boon	d5.txt	3
boot	d5.txt	1
bootes	d5.txt	1
boots	d5.txt	1
bore	d5.txt	1
born	d5.txt	1
bosses	d5.txt	1
both	d5.txt	7
bother	d5.txt	1
bottom	d5.txt	4
bottoms	d5.txt	1
bouche	d5.txt	1
bought	d5.txt	4
boughte	d5.txt	1
bound	d5.txt	11
bow	d5.txt	1
bowels	d5.txt	1
box	d5.txt	5
boxes	d5.txt	1
boys	d5.txt	8
brass	d5.txt	2
bread	d5.txt	2
breadth	d5.txt	1
breath	d5.txt	1
bred	d5.txt	1
breed	d5.txt	3
breeding	d5.txt	1
brethren	d5.txt	1
brick	d5.txt	1
bricks	d5.txt	1
bright	d5.txt	3
brightlycoloured	d5.txt	1
brighton	d5.txt	2
bring	d5.txt	1
brings	d5.txt	1
brisled	d5.txt	1
bristol	d5.txt	1
british	d5.txt	9
britishers	d5.txt	1
broad	d5.txt	2
broken	d5.txt	5
brood	d5.txt	1
brought	d5.txt	11
brown	d5.txt	6
bruchium	d5.txt	1
brunswick	d5.txt	1
brush	d5.txt	1
brushed	d5.txt	1
brushing	d5.txt	2
brusquely	d5.txt	1
bug	d5.txt	2
bugges	d5.txt	1
bugs	d5.txt	1
builders	d5.txt	1
building	d5.txt	3
buildings	d5.txt	3
bulk	d5.txt	1
bump	d5.txt	1
bundle	d5.txt	2
bunyan	d5.txt	1
burckhardt	d5.txt	1
burden	d5.txt	1
burgomaster	d5.txt	1
burgundy	d5.txt	1
buried	d5.txt	1
burned	d5.txt	2
burner	d5.txt	1
burning	d5.txt	5
burnt	d5.txt	12
burntdutch	d5.txt	1
bury	d5.txt	2
business	d5.txt	3
busy	d5.txt	2
but	d5.txt	95
buy	d5.txt	4
buyer	d5.txt	2
buyers	d5.txt	3
buying	d5.txt	1
by	d5.txt	174
byegone	d5.txt	2
bynders	d5.txt	1
c	d5.txt	5
caesars	d5.txt	1
cairo	d5.txt	1
calf	d5.txt	3
call	d5.txt	3
called	d5.txt	11
calling	d5.txt	2
calls	d5.txt	2
calm	d5.txt	1
calvinist	d5.txt	1
cambridge	d5.txt	4
came	d5.txt	12
campsbritons	d5.txt	1
can	d5.txt	28
canal	d5.txt	1
candelstyckes	d5.txt	1
candy	d5.txt	1
cannonade	d5.txt	1
cannot	d5.txt	8
cant	d5.txt	1
cantab	d5.txt	1
canterbury	d5.txt	2
capable	d5.txt	1
capital	d5.txt	2
caps	d5.txt	1
capture	d5.txt	2
captured	d5.txt	2
carcase	d5.txt	1
cardboard	d5.txt	1
cardinal	d5.txt	1
care	d5.txt	13
cared	d5.txt	4
careful	d5.txt	2
carefully	d5.txt	8
careless	d5.txt	4
carelessness	d5.txt	3
cares	d5.txt	2
carpenters	d5.txt	1
carret	d5.txt	1
carried	d5.txt	6
carry	d5.txt	2
carrying	d5.txt	1
carted	d5.txt	2
carthage	d5.txt	1
cartload	d5.txt	1
cartloads	d5.txt	1
cartridge	d5.txt	2
carved	d5.txt	1
case	d5.txt	9
casements	d5.txt	1
cases	d5.txt	4
caskets	d5.txt	1
caspari	d5.txt	1
cassin	d5.txt	2
cassino	d5.txt	1
cast	d5.txt	1
catalogue	d5.txt	8
catalogued	d5.txt	1
category	d5.txt	2
caterpillar	d5.txt	5
cathedral	d5.txt	4
cathedraldr	d5.txt	1
catholic	d5.txt	3
catulli	d5.txt	1
caught	d5.txt	3
cause	d5.txt	3
caused	d5.txt	6
caustic	d5.txt	3
caution	d5.txt	2
caxton	d5.txt	10
caxtons	d5.txt	10
ceded	d5.txt	1
ceiling	d5.txt	1
ceilings	d5.txt	1
celebrated	d5.txt	5
celebration	d5.txt	1
celebrities	d5.txt	1
celestial	d5.txt	1
cement	d5.txt	1
cent	d5.txt	1
centre	d5.txt	5
centuries	d5.txt	6
century	d5.txt	26
certain	d5.txt	17
certainly	d5.txt	8
chaffed	d5.txt	1
chagrin	d5.txt	1
chairs	d5.txt	3
chalk	d5.txt	1
chamber	d5.txt	1
chameleonlike	d5.txt	1
chance	d5.txt	4
chances	d5.txt	1
change	d5.txt	1
changed	d5.txt	1
changes	d5.txt	2
channels	d5.txt	4
chapel	d5.txt	1
chaplain	d5.txt	1
chapter	d5.txt	28
chapters	d5.txt	1
character	d5.txt	1
characters	d5.txt	1
charge	d5.txt	4
charged	d5.txt	1
charity	d5.txt	1
charles	d5.txt	5
charming	d5.txt	5
charms	d5.txt	1
charred	d5.txt	1
chartarum	d5.txt	1
chasles	d5.txt	1
chasm	d5.txt	1
chat	d5.txt	1
chaucer	d5.txt	1
cheek	d5.txt	1
cheese	d5.txt	1
chemical	d5.txt	2
chemicals	d5.txt	1
chemist	d5.txt	1
chemists	d5.txt	1
chest	d5.txt	3
chests	d5.txt	1
chief	d5.txt	1
chiefly	d5.txt	1
child	d5.txt	1
children	d5.txt	6
chimney	d5.txt	1
china	d5.txt	1
chips	d5.txt	1
chit	d5.txt	1
choice	d5.txt	2
choir	d5.txt	3
choose	d5.txt	2
chosen	d5.txt	1
christens	d5.txt	1
christian	d5.txt	1
christians	d5.txt	2
christianshebrew	d5.txt	1
chronicles	d5.txt	2
chrysalis	d5.txt	1
church	d5.txt	9
churches	d5.txt	1
chuse	d5.txt	1
cinders	d5.txt	2
circular	d5.txt	1
circulate	d5.txt	1
cities	d5.txt	1
citizen	d5.txt	1
city	d5.txt	3
citys	d5.txt	1
civilised	d5.txt	1
civitate	d5.txt	1
claim	d5.txt	2
clarendon	d5.txt	1
clasps	d5.txt	2
classed	d5.txt	1
classic	d5.txt	1
classical	d5.txt	1
classification	d5.txt	1
clay	d5.txt	1
clean	d5.txt	3
cleandust	d5.txt	1
cleansed	d5.txt	2
cleansing	d5.txt	1
cleared	d5.txt	1
clere	d5.txt	1
clergy	d5.txt	3
clever	d5.txt	2
cleverly	d5.txt	1
cleverness	d5.txt	1
climax	d5.txt	1
climes	d5.txt	1
cloaca	d5.txt	1
cloisters	d5.txt	1
close	d5.txt	4
closed	d5.txt	1
closely	d5.txt	1
closer	d5.txt	1
closet	d5.txt	1
cloth	d5.txt	3
clothe	d5.txt	1
clothes	d5.txt	2
clulow	d5.txt	1
coal	d5.txt	1
coarse	d5.txt	2
coarser	d5.txt	1
coat	d5.txt	3
coats	d5.txt	1
cobbler	d5.txt	1
cockroach	d5.txt	2
coclusiones	d5.txt	1
codfish	d5.txt	2
codfishskeletons	d5.txt	1
coin	d5.txt	1
coincidences	d5.txt	1
cold	d5.txt	5
collate	d5.txt	1
collect	d5.txt	1
collected	d5.txt	5
collecting	d5.txt	1
collection	d5.txt	25
collections	d5.txt	8
collectionwarburtontradesman	d5.txt	1
collector	d5.txt	3
collectors	d5.txt	5
college	d5.txt	9
collegiate	d5.txt	2
collie	d5.txt	1
colophon	d5.txt	3
colours	d5.txt	2
combatants	d5.txt	2
combined	d5.txt	1
combustion	d5.txt	2
come	d5.txt	9
comes	d5.txt	3
comfort	d5.txt	1
comfortable	d5.txt	1
comfortablenay	d5.txt	1
coming	d5.txt	1
commenced	d5.txt	2
commences	d5.txt	1
commentary	d5.txt	1
commission	d5.txt	1
commissioners	d5.txt	2
commits	d5.txt	2
committed	d5.txt	5
common	d5.txt	11
commonly	d5.txt	2
commons	d5.txt	1
communal	d5.txt	1
communicated	d5.txt	1
companion	d5.txt	1
company	d5.txt	3
comparatively	d5.txt	3
competition	d5.txt	1
competitors	d5.txt	1
compiling	d5.txt	1
complacent	d5.txt	1
complete	d5.txt	1
comprised	d5.txt	2
conceited	d5.txt	1
concerning	d5.txt	1
concluded	d5.txt	1
conclusion	d5.txt	2
condemned	d5.txt	1
condition	d5.txt	4
conduct	d5.txt	1
conducted	d5.txt	3
conductor	d5.txt	1
conduit	d5.txt	1
confers	d5.txt	1
confess	d5.txt	3
confined	d5.txt	3
confinement	d5.txt	1
conflagrations	d5.txt	1
congeners	d5.txt	1
congruity	d5.txt	1
conquered	d5.txt	1
conscientious	d5.txt	1
consciousness1	d5.txt	1
consequence	d5.txt	1
consequences	d5.txt	1
consequently	d5.txt	1
conservative	d5.txt	1
consider	d5.txt	1
considerable	d5.txt	2
consideration	d5.txt	2
considered	d5.txt	3
considering	d5.txt	1
consistency	d5.txt	1
consolation	d5.txt	1
constant	d5.txt	1
constantine	d5.txt	1
constantinople	d5.txt	1
consternation	d5.txt	2
constitutions	d5.txt	1
consumed	d5.txt	2
consummation	d5.txt	1
contain	d5.txt	3
contained	d5.txt	3
containing	d5.txt	7
contains	d5.txt	3
contemplation	d5.txt	1
contemporary	d5.txt	1
contempt	d5.txt	1
contentes	d5.txt	1
contents	d5.txt	6
conterye	d5.txt	1
continually	d5.txt	2
continued	d5.txt	3
continuous	d5.txt	1
contraction	d5.txt	1
contrivance	d5.txt	1
convenient	d5.txt	1
convent	d5.txt	2
conventional	d5.txt	1
conventual	d5.txt	1
conversant	d5.txt	1
conversation	d5.txt	1
converts	d5.txt	1
conveyd	d5.txt	1
conveyed	d5.txt	1
conveys	d5.txt	1
convinced	d5.txt	1
cook	d5.txt	1
cookery	d5.txt	1
copied	d5.txt	2
copies	d5.txt	1
copperplate	d5.txt	1
copy	d5.txt	12
copying	d5.txt	1
corner	d5.txt	2
corners	d5.txt	2
corporate	d5.txt	2
corporation	d5.txt	2
correct	d5.txt	1
correspondent	d5.txt	1
correspondents	d5.txt	1
corrodes	d5.txt	1
corsairs	d5.txt	1
corsairsmss	d5.txt	1
cost	d5.txt	4
costliness	d5.txt	1
costs	d5.txt	1
cosufferer	d5.txt	1
cotarmouris	d5.txt	1
cottage	d5.txt	2
cotton	d5.txt	2
could	d5.txt	19
count	d5.txt	1
counted	d5.txt	1
countenance	d5.txt	1
counterbalanced	d5.txt	2
countless	d5.txt	1
countries	d5.txt	2
country	d5.txt	12
countryman	d5.txt	1
county	d5.txt	2
couple	d5.txt	2
courage	d5.txt	1
course	d5.txt	15
courseas	d5.txt	1
courtesy	d5.txt	1
cousin	d5.txt	1
cousins	d5.txt	2
cover	d5.txt	4
covered	d5.txt	3
covering	d5.txt	3
covers	d5.txt	15
covetouse	d5.txt	1
cowper	d5.txt	1
crackle	d5.txt	1
crambus	d5.txt	1
crammed	d5.txt	1
cranny	d5.txt	1
crawl	d5.txt	1
craze	d5.txt	1
creature	d5.txt	4
creatures	d5.txt	1
credence	d5.txt	1
creed	d5.txt	1
cremona	d5.txt	1
cremonaarabic	d5.txt	1
crept	d5.txt	1
cries	d5.txt	1
crime	d5.txt	1
crimes	d5.txt	1
criminal	d5.txt	1
critical	d5.txt	1
critics	d5.txt	1
crop	d5.txt	1
cropped	d5.txt	1
cropper	d5.txt	1
cropperbooks	d5.txt	1
cross	d5.txt	2
croton	d5.txt	1
crowd	d5.txt	2
cruditus	d5.txt	1
cruelly	d5.txt	1
cruelties	d5.txt	1
crumbled	d5.txt	1
crumbles	d5.txt	1
cry	d5.txt	2
culprit	d5.txt	2
culprits	d5.txt	1
cum	d5.txt	1
cupidity	d5.txt	1
curbed	d5.txt	1
cure	d5.txt	1
curiosity	d5.txt	4
curious	d5.txt	17
curiously	d5.txt	1
curling	d5.txt	1
cursed	d5.txt	1
cursory	d5.txt	1
curtains	d5.txt	1
custodian	d5.txt	1
custodians	d5.txt	5
custody	d5.txt	1
custom	d5.txt	1
cut	d5.txt	14
cutting	d5.txt	4
dactyls	d5.txt	1
daily	d5.txt	5
dainties	d5.txt	1
dainty	d5.txt	2
daintyapartments	d5.txt	1
damage	d5.txt	11
damaged	d5.txt	2
damagedlibrary	d5.txt	1
damned	d5.txt	1
damp	d5.txt	14
damped	d5.txt	1
danger	d5.txt	3
dangerous	d5.txt	2
dante	d5.txt	2
dark	d5.txt	6
darkened	d5.txt	1
darkness	d5.txt	1
date	d5.txt	3
dated	d5.txt	1
dates	d5.txt	1
dating	d5.txt	1
daughter	d5.txt	1
daughters	d5.txt	1
david	d5.txt	1
day	d5.txt	16
days	d5.txt	12
de	d5.txt	8
dead	d5.txt	2
deadly	d5.txt	1
deal	d5.txt	1
dealer	d5.txt	2
dealers	d5.txt	1
deals	d5.txt	2
dean	d5.txt	2
dear	d5.txt	1
dearly	d5.txt	1
death	d5.txt	8
deathwatch	d5.txt	1
debarred	d5.txt	1
decadedamp	d5.txt	1
decameron	d5.txt	2
decapitated	d5.txt	1
decay	d5.txt	8
december	d5.txt	1
decency	d5.txt	1
decide	d5.txt	1
decided	d5.txt	4
decipher	d5.txt	1
decisiones	d5.txt	1
declined	d5.txt	2
decorations	d5.txt	1
decry	d5.txt	1
deeds	d5.txt	1
deeply	d5.txt	2
defective	d5.txt	1
defiance	d5.txt	1
deform	d5.txt	1
defunct	d5.txt	1
degraded	d5.txt	1
degrees	d5.txt	1
deliberately	d5.txt	1
delicate	d5.txt	1
delight	d5.txt	1
delighted	d5.txt	1
delivered	d5.txt	1
deluge	d5.txt	1
delusion	d5.txt	1
delusive	d5.txt	1
demand	d5.txt	1
demanded	d5.txt	3
demerits	d5.txt	1
den	d5.txt	1
denarii	d5.txt	1
denariior	d5.txt	1
denarius	d5.txt	1
denied	d5.txt	2
deniers	d5.txt	1
denuding	d5.txt	1
deny	d5.txt	1
departed	d5.txt	1
department	d5.txt	3
depelye	d5.txt	1
depends	d5.txt	1
deplores	d5.txt	1
deposited	d5.txt	1
deposits	d5.txt	1
depredations	d5.txt	2
depredators	d5.txt	1
depressing	d5.txt	1
deprive	d5.txt	1
deprives	d5.txt	1
derbyshire	d5.txt	2
derived	d5.txt	3
dermestes	d5.txt	1
derome	d5.txt	2
des	d5.txt	1
descendant	d5.txt	1
descendants	d5.txt	1
descended	d5.txt	2
descending	d5.txt	1
described	d5.txt	2
describing	d5.txt	1
description	d5.txt	6
desecrations1	d5.txt	1
deserted	d5.txt	1
deserve	d5.txt	1
desiccating	d5.txt	1
desiccation	d5.txt	1
design	d5.txt	1
designed	d5.txt	1
desirable	d5.txt	1
destination	d5.txt	2
destiny	d5.txt	1
destroy	d5.txt	3
destroyed	d5.txt	15
destroyer	d5.txt	4
destroyers	d5.txt	2
destroying	d5.txt	4
destruction	d5.txt	19
destructive	d5.txt	7
detaching	d5.txt	1
deteriorate	d5.txt	1
determined	d5.txt	4
determines	d5.txt	1
detestable	d5.txt	1
devastated	d5.txt	1
devastation	d5.txt	1
devastators	d5.txt	2
developed	d5.txt	1
developedmore	d5.txt	1
development	d5.txt	3
device	d5.txt	1
devices	d5.txt	1
devil	d5.txt	1
devon	d5.txt	1
devorasti	d5.txt	1
devoted	d5.txt	2
devotion	d5.txt	1
devoured	d5.txt	1
devoutly	d5.txt	1
dial	d5.txt	1
diameter	d5.txt	1
diana	d5.txt	1
diarist	d5.txt	1
dibdin	d5.txt	3
dibdinhot	d5.txt	1
dibdins	d5.txt	3
dicam	d5.txt	1
did	d5.txt	15
die	d5.txt	1
died	d5.txt	4
differed	d5.txt	1
difference	d5.txt	1
different	d5.txt	4
difficult	d5.txt	7
difficulty	d5.txt	5
diffused	d5.txt	1
dignity	d5.txt	2
dilapidated	d5.txt	1
dilate	d5.txt	1
dim	d5.txt	1
diminishes	d5.txt	1
din	d5.txt	1
dininghall	d5.txt	1
dinnertable	d5.txt	1
dire	d5.txt	1
direct	d5.txt	1
direction	d5.txt	1
directly	d5.txt	1
directors	d5.txt	1
dirt	d5.txt	4
dirty	d5.txt	4
disagreeable	d5.txt	1
disagrees	d5.txt	1
disappear	d5.txt	1
disappearance	d5.txt	1
disappeared	d5.txt	3
disappears	d5.txt	1
disappointment	d5.txt	1
disastrous	d5.txt	1
discoloured	d5.txt	2
discourse	d5.txt	1
discovered	d5.txt	9
discoveries	d5.txt	1
discovery	d5.txt	2
discredit	d5.txt	1
disease	d5.txt	1
diseased	d5.txt	1
disfigure	d5.txt	1
disgrace	d5.txt	2
disgraceful	d5.txt	1
disguised	d5.txt	1
disgusted	d5.txt	1
dislike	d5.txt	1
dislikes	d5.txt	1
dismemberment	d5.txt	1
disorder	d5.txt	1
dispersion	d5.txt	1
displayed	d5.txt	1
disposition	d5.txt	1
dispraise	d5.txt	1
disquietude	d5.txt	1
disraeli	d5.txt	1
dissected	d5.txt	1
dissects	d5.txt	1
distant	d5.txt	2
distinct	d5.txt	2
distinguishable	d5.txt	1
distinguished	d5.txt	2
distorted	d5.txt	2
district	d5.txt	1
disturb	d5.txt	1
disturbed	d5.txt	1
ditcher	d5.txt	1
divers	d5.txt	1
divided	d5.txt	1
divination	d5.txt	2
divinity	d5.txt	1
division	d5.txt	1
dnor	d5.txt	1
do	d5.txt	22
doctors	d5.txt	3
document	d5.txt	2
documents	d5.txt	4
doe	d5.txt	1
does	d5.txt	5
doggerel	d5.txt	1
doing	d5.txt	2
dollars	d5.txt	1
domain	d5.txt	1
domains	d5.txt	1
domestic	d5.txt	1
dominant	d5.txt	1
done	d5.txt	13
dont	d5.txt	2
doom	d5.txt	2
doomed	d5.txt	1
door	d5.txt	3
doored	d5.txt	1
doorin	d5.txt	1
doors	d5.txt	2
doraston	d5.txt	1
dorastonnot	d5.txt	1
dorastons	d5.txt	1
doubt	d5.txt	3
doubtless	d5.txt	7
down	d5.txt	18
downfall	d5.txt	1
downstairs	d5.txt	1
dozen	d5.txt	1
dozens	d5.txt	1
dr	d5.txt	9
dramas	d5.txt	1
dramatic	d5.txt	1
drawer	d5.txt	1
drawings	d5.txt	1
drawn	d5.txt	1
dread	d5.txt	1
dreadful	d5.txt	2
dreadfully	d5.txt	2
dress	d5.txt	2
dressed	d5.txt	1
dressings	d5.txt	1
drew	d5.txt	4
driest	d5.txt	1
dropped	d5.txt	1
drowned	d5.txt	1
drugs	d5.txt	1
drukkerij	d5.txt	1
dry	d5.txt	8
dryings	d5.txt	1
drynursed	d5.txt	1
du	d5.txt	2
duchess	d5.txt	1
due	d5.txt	4
duke	d5.txt	2
dullards	d5.txt	1
duly	d5.txt	1
dumbfounded	d5.txt	1
dunngardinier	d5.txt	1
during	d5.txt	3
dust	d5.txt	21
dustchildren	d5.txt	1
dusted	d5.txt	3
duster	d5.txt	1
dusting	d5.txt	3
dustingspring	d5.txt	1
dusty	d5.txt	6
dutch	d5.txt	3
duties	d5.txt	2
duty	d5.txt	2
e	d5.txt	1
each	d5.txt	20
ear	d5.txt	1
earl	d5.txt	1
earlier	d5.txt	1
earliest	d5.txt	2
early	d5.txt	18
earn	d5.txt	1
ears	d5.txt	3
earth	d5.txt	2
ease	d5.txt	1
easier	d5.txt	1
easily	d5.txt	3
east	d5.txt	1
easy	d5.txt	1
eat	d5.txt	10
eaters	d5.txt	1
eating	d5.txt	3
eats	d5.txt	4
ebony	d5.txt	2
ecclesiae	d5.txt	1
ecclesiastical	d5.txt	1
eclectics	d5.txt	1
economical	d5.txt	1
economised	d5.txt	1
economy	d5.txt	1
edge	d5.txt	3
edges	d5.txt	6
edible	d5.txt	2
edited	d5.txt	1
edition	d5.txt	4
editions	d5.txt	2
edmond	d5.txt	2
edmonds	d5.txt	1
education	d5.txt	1
edward	d5.txt	1
edwards	d5.txt	1
efesia	d5.txt	1
effect	d5.txt	3
effected	d5.txt	3
effects	d5.txt	2
egyptian	d5.txt	1
egyptians	d5.txt	2
eight	d5.txt	4
eighteen	d5.txt	2
eighteenth	d5.txt	2
either	d5.txt	3
elapsed	d5.txt	1
elderly	d5.txt	1
electric	d5.txt	2
electricity	d5.txt	1
eliciting	d5.txt	1
elizabeths	d5.txt	2
else	d5.txt	1
elucidation	d5.txt	1
em	d5.txt	1
embedded	d5.txt	1
embellished	d5.txt	1
emerges	d5.txt	1
emitted	d5.txt	1
emperor	d5.txt	2
empire	d5.txt	1
employed	d5.txt	1
en	d5.txt	2
enabling	d5.txt	1
enchantments	d5.txt	1
encourages	d5.txt	1
encyclopaedia	d5.txt	2
encyclopaedias	d5.txt	1
end	d5.txt	19
endowed	d5.txt	2
ends	d5.txt	2
enemies	d5.txt	13
enemy	d5.txt	13
enemymosity	d5.txt	1
energetically	d5.txt	1
energy	d5.txt	1
engaged	d5.txt	1
engine	d5.txt	1
england	d5.txt	5
english	d5.txt	9
englishmen	d5.txt	1
engraved	d5.txt	5
engraving	d5.txt	2
engulphed	d5.txt	1
enjoy	d5.txt	1
enjoyed	d5.txt	1
enjoyment	d5.txt	1
enliven	d5.txt	1
ennui	d5.txt	1
enormous	d5.txt	1
enough	d5.txt	7
enquired	d5.txt	3
enrich	d5.txt	1
enter	d5.txt	3
entered	d5.txt	1
entering	d5.txt	1
enters	d5.txt	1
entire	d5.txt	1
entirely	d5.txt	8
entomological	d5.txt	1
entomologist	d5.txt	2
entomologists	d5.txt	1
entries	d5.txt	1
entrusted	d5.txt	2
envy	d5.txt	1
eny	d5.txt	1
ephemeral	d5.txt	1
ephesians	d5.txt	1
ephesus	d5.txt	2
equal	d5.txt	1
equally	d5.txt	5
era	d5.txt	1
eracles	d5.txt	1
erected	d5.txt	2
erred	d5.txt	1
eruditos	d5.txt	1
eruditus	d5.txt	3
escaped	d5.txt	3
escaping	d5.txt	1
especial	d5.txt	2
especially	d5.txt	11
est	d5.txt	1
estimable	d5.txt	1
estimate	d5.txt	1
etc	d5.txt	4
euphemism	d5.txt	1
europe	d5.txt	4
european	d5.txt	2
eve	d5.txt	3
even	d5.txt	24
evening	d5.txt	1
events	d5.txt	1
eventually	d5.txt	1
ever	d5.txt	10
every	d5.txt	12
everybodys	d5.txt	1
everything	d5.txt	3
everywhere	d5.txt	2
evicted	d5.txt	1
evidence	d5.txt	2
evident	d5.txt	1
evidently	d5.txt	6
evil	d5.txt	5
evilentreated	d5.txt	1
evolved	d5.txt	1
exact	d5.txt	1
exactitude	d5.txt	1
exactly	d5.txt	6
exaggerated	d5.txt	1
exaggeration	d5.txt	1
examination	d5.txt	1
examined	d5.txt	6
examining	d5.txt	4
example	d5.txt	3
examples	d5.txt	1
excellent	d5.txt	2
except	d5.txt	4
excepting	d5.txt	2
excision	d5.txt	1
excited	d5.txt	1
excluded	d5.txt	1
excrement	d5.txt	1
excursion	d5.txt	1
excusable	d5.txt	1
excuse	d5.txt	1
execute	d5.txt	1
executors	d5.txt	1
exercises	d5.txt	1
exertions	d5.txt	1
exeter	d5.txt	1
exhibited	d5.txt	2
exhibition	d5.txt	2
existed	d5.txt	1
existence	d5.txt	7
exists	d5.txt	2
expansion	d5.txt	1
expense	d5.txt	3
expensive	d5.txt	1
experience	d5.txt	9
experienced	d5.txt	1
explain	d5.txt	1
explosion	d5.txt	1
exposed	d5.txt	3
expostulation	d5.txt	1
exposure	d5.txt	1
expulsion	d5.txt	1
extant	d5.txt	2
extensive	d5.txt	7
extensively	d5.txt	1
extent	d5.txt	8
exterior	d5.txt	1
extract	d5.txt	2
extracted	d5.txt	2
extracts	d5.txt	1
extraordinary	d5.txt	1
extravagant	d5.txt	2
extreme	d5.txt	3
extremely	d5.txt	3
eye	d5.txt	6
eyes	d5.txt	4
f	d5.txt	2
fables	d5.txt	1
faces	d5.txt	1
facilities	d5.txt	1
facility	d5.txt	1
facsimile	d5.txt	3
fact	d5.txt	9
fail	d5.txt	1
fain	d5.txt	1
fair	d5.txt	1
fairest	d5.txt	1
faith	d5.txt	2
fall	d5.txt	6
fallen	d5.txt	2
falling	d5.txt	3
falls	d5.txt	1
false	d5.txt	5
falsely	d5.txt	1
faltering	d5.txt	1
fame	d5.txt	1
familiar	d5.txt	1
familiarity	d5.txt	1
family	d5.txt	4
famous	d5.txt	6
fanatic	d5.txt	1
fancy	d5.txt	1
far	d5.txt	5
farm	d5.txt	1
farmers	d5.txt	1
fashion	d5.txt	1
fashioned	d5.txt	1
fastidia	d5.txt	1
fat	d5.txt	2
fatal	d5.txt	1
fate	d5.txt	5
fates	d5.txt	1
father	d5.txt	2
fatherland	d5.txt	1
fathers	d5.txt	3
fatima	d5.txt	1
faults	d5.txt	1
favour	d5.txt	1
favourites	d5.txt	1
fear	d5.txt	4
fearful	d5.txt	2
fearfully	d5.txt	1
fearing	d5.txt	1
fears	d5.txt	1
february	d5.txt	1
fed	d5.txt	1
fedde	d5.txt	1
feed	d5.txt	2
feeds	d5.txt	1
feel	d5.txt	2
feeling	d5.txt	2
feelings	d5.txt	1
feet	d5.txt	1
fell	d5.txt	4
fellow	d5.txt	4
fellows	d5.txt	3
felt	d5.txt	1
female	d5.txt	1
feminine	d5.txt	1
fever	d5.txt	1
few	d5.txt	23
fibre	d5.txt	3
fibrous	d5.txt	1
field	d5.txt	2
fifteener	d5.txt	1
fifteeners	d5.txt	1
fifteenth	d5.txt	7
fifteenthcentury	d5.txt	3
fifty	d5.txt	5
fiftyeight	d5.txt	1
filbert	d5.txt	1
fill	d5.txt	1
filled	d5.txt	2
final	d5.txt	1
finale	d5.txt	1
finally	d5.txt	1
find	d5.txt	15
findblackletter	d5.txt	1
finding	d5.txt	4
finds	d5.txt	1
fine	d5.txt	16
finer	d5.txt	1
fingers	d5.txt	1
finished	d5.txt	1
fire	d5.txt	22
firealexandrianst	d5.txt	1
fireglass	d5.txt	1
fireking	d5.txt	1
firelibrary	d5.txt	1
fires	d5.txt	4
firm	d5.txt	1
firmly	d5.txt	1
first	d5.txt	27
fitness	d5.txt	1
five	d5.txt	2
fivepound	d5.txt	1
fixed	d5.txt	1
fizz	d5.txt	1
flame	d5.txt	1
flames	d5.txt	4
flaming	d5.txt	1
flat	d5.txt	3
flavour	d5.txt	1
flax	d5.txt	1
flies	d5.txt	1
flights	d5.txt	1
flint	d5.txt	1
floating	d5.txt	1
floor	d5.txt	6
floral	d5.txt	1
flourishes	d5.txt	1
fluffy	d5.txt	1
fluid	d5.txt	1
fly	d5.txt	1
flydamage	d5.txt	1
flyleaf	d5.txt	1
flyleaves	d5.txt	2
foe	d5.txt	1
foggy	d5.txt	1
foliage	d5.txt	1
folio	d5.txt	17
folios	d5.txt	4
foliowas	d5.txt	1
folklore	d5.txt	2
follow	d5.txt	2
followed	d5.txt	4
following	d5.txt	20
follows	d5.txt	4
followsinsomuch	d5.txt	1
fomented	d5.txt	1
fond	d5.txt	1
food	d5.txt	4
foolish	d5.txt	1
foot	d5.txt	4
for	d5.txt	173
forbad	d5.txt	1
forbear	d5.txt	1
forbidden	d5.txt	1
forbids	d5.txt	1
force	d5.txt	3
forced	d5.txt	1
forces	d5.txt	1
foreedge	d5.txt	2
foreign	d5.txt	2
foren	d5.txt	2
foreseen	d5.txt	1
forest	d5.txt	1
forget	d5.txt	2
forgive	d5.txt	1
form	d5.txt	5
formally	d5.txt	1
formation	d5.txt	3
formed	d5.txt	6
former	d5.txt	3
formerly	d5.txt	2
forms	d5.txt	3
fortnight	d5.txt	1
fortunate	d5.txt	4
fortunately	d5.txt	3
forty	d5.txt	2
fortyeight	d5.txt	1
forward	d5.txt	1
fosters	d5.txt	1
found	d5.txt	28
foundation	d5.txt	2
foundered	d5.txt	1
founders	d5.txt	1
fountain	d5.txt	1
four	d5.txt	6
fourth	d5.txt	3
foxey	d5.txt	1
fragment	d5.txt	1
fragments	d5.txt	8
frame	d5.txt	1
frames	d5.txt	1
france	d5.txt	2
francis	d5.txt	2
francs	d5.txt	2
free	d5.txt	4
freed	d5.txt	1
freely	d5.txt	2
freewormhole	d5.txt	1
freight	d5.txt	1
french	d5.txt	4
frequent	d5.txt	4
frequently	d5.txt	4
fresh	d5.txt	3
friars	d5.txt	7
friend	d5.txt	8
friends	d5.txt	2
fringe	d5.txt	1
frith	d5.txt	1
froissarts	d5.txt	1
from	d5.txt	117
frontispiece	d5.txt	4
frontispieces	d5.txt	2
frost	d5.txt	3
full	d5.txt	8
fully	d5.txt	1
fumes	d5.txt	3
functions	d5.txt	1
funds	d5.txt	1
fungoid	d5.txt	1
fungus	d5.txt	1
furnace	d5.txt	1
furniture	d5.txt	1
furrowed	d5.txt	1
furrows	d5.txt	1
fuss	d5.txt	1
future	d5.txt	1
gain	d5.txt	2
gained	d5.txt	2
gaining	d5.txt	1
gains	d5.txt	2
gainsborough	d5.txt	4
gallery	d5.txt	1
gaping	d5.txt	1
garden	d5.txt	2
gardener	d5.txt	2
gardeners	d5.txt	1
garnett	d5.txt	1
garret	d5.txt	2
gas	d5.txt	13
gasalier	d5.txt	1
gate	d5.txt	1
gathered	d5.txt	1
gatty	d5.txt	1
gave	d5.txt	8
gaynes	d5.txt	1
general	d5.txt	7
generally	d5.txt	3
generation	d5.txt	5
generations	d5.txt	1
genius	d5.txt	1
gentile	d5.txt	1
gentle	d5.txt	1
gentleman	d5.txt	3
gentlemen	d5.txt	1
gently	d5.txt	1
genuine	d5.txt	3
george	d5.txt	1
german	d5.txt	2
germanica	d5.txt	1
germany	d5.txt	2
gernsheym	d5.txt	1
gesneden	d5.txt	1
gesta	d5.txt	1
get	d5.txt	4
gibbon	d5.txt	1
gilded	d5.txt	2
gilt	d5.txt	3
giltbacked	d5.txt	1
girls	d5.txt	1
give	d5.txt	4
given	d5.txt	7
gives	d5.txt	8
giving	d5.txt	2
glad	d5.txt	2
glance	d5.txt	2
glass	d5.txt	4
glaze	d5.txt	1
glazed	d5.txt	1
glossy	d5.txt	1
glowing	d5.txt	1
glows	d5.txt	1
gluttony	d5.txt	1
gnawing	d5.txt	1
go	d5.txt	8
god	d5.txt	1
goes	d5.txt	2
gold	d5.txt	2
golden	d5.txt	1
gone	d5.txt	4
good	d5.txt	18
goodly	d5.txt	1
gordon	d5.txt	1
got	d5.txt	5
gourmands	d5.txt	1
governing	d5.txt	1
government	d5.txt	2
gown	d5.txt	1
gownsproud	d5.txt	1
gr	d5.txt	1
grace	d5.txt	1
gracious	d5.txt	1
gradually	d5.txt	1
grammar	d5.txt	1
grammata	d5.txt	1
granada	d5.txt	1
grand	d5.txt	5
grano	d5.txt	1
granted	d5.txt	2
grass	d5.txt	1
grate	d5.txt	2
grave	d5.txt	1
gravitating	d5.txt	1
gravity	d5.txt	1
grease	d5.txt	2
great	d5.txt	55
greate	d5.txt	1
greater	d5.txt	4
greatest	d5.txt	2
greatly	d5.txt	3
greek	d5.txt	2
greeks	d5.txt	1
grenadamonastic	d5.txt	1
grenville	d5.txt	1
grew	d5.txt	1
grey	d5.txt	2
greye	d5.txt	1
grieved	d5.txt	1
grieves	d5.txt	1
grit	d5.txt	1
grossers	d5.txt	1
ground	d5.txt	2
grounds	d5.txt	1
grow	d5.txt	1
growing	d5.txt	1
growth	d5.txt	3
grub	d5.txt	4
grubs	d5.txt	3
guardian	d5.txt	1
guards	d5.txt	1
guide	d5.txt	3
guided	d5.txt	1
guildford	d5.txt	1
guildhall	d5.txt	1
guilty	d5.txt	3
guinea	d5.txt	1
guineas	d5.txt	4
gutenberg	d5.txt	2
gutenbergs	d5.txt	1
gwyns	d5.txt	1
gyp	d5.txt	1
haarlem	d5.txt	1
habits	d5.txt	2
hackedbad	d5.txt	1
hacking	d5.txt	1
had	d5.txt	103
haird	d5.txt	1
half	d5.txt	8
halfacrown	d5.txt	1
halfaninch	d5.txt	2
halfdozen	d5.txt	1
halfinch	d5.txt	1
halflength	d5.txt	1
hall	d5.txt	2
hallboke	d5.txt	1
hamlet	d5.txt	1
hammer	d5.txt	1
hand	d5.txt	9
handbills	d5.txt	1
handicapped	d5.txt	1
handle	d5.txt	2
handled	d5.txt	1
handmaid	d5.txt	1
hands	d5.txt	7
handsome	d5.txt	2
handsomelylettered	d5.txt	1
handwriting	d5.txt	3
handy	d5.txt	1
hangs	d5.txt	1
hannett	d5.txt	1
hans	d5.txt	1
happen	d5.txt	1
happened	d5.txt	1
happily	d5.txt	2
happy	d5.txt	2
hard	d5.txt	4
hardfought	d5.txt	1
hardly	d5.txt	1
hardship	d5.txt	1
harm	d5.txt	2
has	d5.txt	59
hastily	d5.txt	1
hathe	d5.txt	1
haunts	d5.txt	1
have	d5.txt	119
havergal	d5.txt	1
having	d5.txt	20
havoc	d5.txt	3
he	d5.txt	112
head	d5.txt	6
heads	d5.txt	3
health	d5.txt	4
heap	d5.txt	3
heaps	d5.txt	2
hear	d5.txt	2
heard	d5.txt	7
hearers	d5.txt	1
heart	d5.txt	2
heartily	d5.txt	1
heartless	d5.txt	1
hearty	d5.txt	2
heat	d5.txt	7
heated	d5.txt	1
heathenism	d5.txt	1
heathens	d5.txt	1
heathensheathen	d5.txt	1
heating	d5.txt	3
heavenly	d5.txt	1
heavens	d5.txt	1
heavily	d5.txt	1
heavy	d5.txt	1
hebrew	d5.txt	3
hedger	d5.txt	1
heer	d5.txt	2
height	d5.txt	1
held	d5.txt	3
hell	d5.txt	1
help	d5.txt	1
helps	d5.txt	1
hemp	d5.txt	1
heoccupyed	d5.txt	1
her	d5.txt	9
herald	d5.txt	1
here	d5.txt	16
hereford	d5.txt	1
heretical	d5.txt	2
heroine	d5.txt	1
heroism	d5.txt	1
heterodox	d5.txt	2
hickman	d5.txt	1
hid	d5.txt	1
high	d5.txt	3
hill	d5.txt	1
him	d5.txt	39
himself	d5.txt	5
hinder	d5.txt	3
hinges	d5.txt	1
hints	d5.txt	1
hired	d5.txt	1
his	d5.txt	125
histoire	d5.txt	2
historian	d5.txt	1
historical	d5.txt	3
histories	d5.txt	3
history	d5.txt	11
hodge	d5.txt	1
hogsleather	d5.txt	1
hold	d5.txt	1
holds	d5.txt	1
hole	d5.txt	10
holes	d5.txt	18
holiday	d5.txt	1
holland	d5.txt	4
holme	d5.txt	1
hololeucos	d5.txt	1
hololeucostomicus	d5.txt	1
home	d5.txt	7
homes	d5.txt	1
hon	d5.txt	1
honest	d5.txt	1
honorary	d5.txt	1
honoured	d5.txt	1
hooke	d5.txt	3
hope	d5.txt	3
hopes	d5.txt	1
hops	d5.txt	1
horace	d5.txt	1
horae	d5.txt	1
horns	d5.txt	2
horny	d5.txt	2
horses	d5.txt	2
hot	d5.txt	6
hour	d5.txt	1
hours	d5.txt	4
house	d5.txt	11
housefly	d5.txt	1
household	d5.txt	7
housekeeping	d5.txt	1
houses	d5.txt	3
housewifes	d5.txt	1
how	d5.txt	17
howard	d5.txt	1
however	d5.txt	15
hudde	d5.txt	1
huddes	d5.txt	1
hum	d5.txt	1
humbly	d5.txt	2
humming	d5.txt	1
humour	d5.txt	1
humphreys	d5.txt	1
hundred	d5.txt	3
hundreds	d5.txt	2
hung	d5.txt	2
hunte	d5.txt	1
hunting	d5.txt	1
huntington	d5.txt	1
hurled	d5.txt	1
hurriedly	d5.txt	1
husks	d5.txt	1
hydrochloric	d5.txt	1
hypothenemus	d5.txt	1
hys	d5.txt	1
i	d5.txt	153
ichthiobibliophage	d5.txt	1
idea	d5.txt	6
ideas	d5.txt	1
identical	d5.txt	2
ides	d5.txt	1
idiotic	d5.txt	1
idling	d5.txt	1
idolatrous	d5.txt	1
idolatry	d5.txt	1
idols	d5.txt	1
if	d5.txt	55
ignorance	d5.txt	15
ignorant	d5.txt	2
ignored	d5.txt	1
ignoring	d5.txt	1
ii	d5.txt	4
iibooks	d5.txt	1
iii	d5.txt	3
ill	d5.txt	2
illiterate	d5.txt	1
illness	d5.txt	1
illuminated	d5.txt	6
illumination	d5.txt	1
illuminations	d5.txt	1
illustrate	d5.txt	1
illustrated	d5.txt	2
illustrations	d5.txt	2
illustrious	d5.txt	1
image	d5.txt	1
imageits	d5.txt	1
imagination	d5.txt	3
imagine	d5.txt	7
imitate	d5.txt	1
imitators	d5.txt	1
immediate	d5.txt	2
immediately	d5.txt	1
immense	d5.txt	3
immoral	d5.txt	1
imp	d5.txt	1
imperfect	d5.txt	4
imperfections	d5.txt	1
implements	d5.txt	1
importance	d5.txt	2
important	d5.txt	1
imposed	d5.txt	1
impossible	d5.txt	2
impressive	d5.txt	2
impressorie	d5.txt	1
imprisonment	d5.txt	2
improvements	d5.txt	1
imps	d5.txt	1
impudence	d5.txt	1
impure	d5.txt	1
impute	d5.txt	1
in	d5.txt	508
inanities	d5.txt	1
inappropriate	d5.txt	1
incalculable	d5.txt	1
incarcerated	d5.txt	1
incendiarism	d5.txt	1
inch	d5.txt	4
inches	d5.txt	1
inchlong	d5.txt	1
incident	d5.txt	1
inclined	d5.txt	1
included	d5.txt	1
includes	d5.txt	1
including	d5.txt	2
incongruity	d5.txt	1
inconvenient	d5.txt	1
incorrect	d5.txt	1
increased	d5.txt	3
increases	d5.txt	1
incredible	d5.txt	2
incredulity	d5.txt	1
incredulous	d5.txt	2
indeed	d5.txt	13
indefatigable	d5.txt	1
independent	d5.txt	1
index	d5.txt	1
indexmaking	d5.txt	1
indictments	d5.txt	1
indignant	d5.txt	1
indignities	d5.txt	1
indoctrinated	d5.txt	1
indulgence	d5.txt	1
inefficient	d5.txt	1
infecting	d5.txt	1
inferno	d5.txt	1
infest	d5.txt	1
infesting	d5.txt	1
inflicted	d5.txt	2
influence	d5.txt	1
information	d5.txt	2
informs	d5.txt	2
ingrained	d5.txt	2
inhaled	d5.txt	1
inheritors	d5.txt	1
inimical	d5.txt	1
initials	d5.txt	4
injure	d5.txt	6
injured	d5.txt	8
injurious	d5.txt	3
injury	d5.txt	10
injuryde	d5.txt	1
ink	d5.txt	4
inmost	d5.txt	2
inner	d5.txt	4
innocence	d5.txt	1
innocent	d5.txt	1
innocuous	d5.txt	1
innumerable	d5.txt	1
innumeros	d5.txt	1
inquisition	d5.txt	1
inscription	d5.txt	1
insect	d5.txt	4
insecticide	d5.txt	1
inside	d5.txt	7
insigne	d5.txt	1
insignia	d5.txt	1
instance	d5.txt	4
instances	d5.txt	3
instead	d5.txt	2
instinct	d5.txt	1
instinctively	d5.txt	1
institution	d5.txt	2
instructed	d5.txt	1
instructions	d5.txt	1
integral	d5.txt	1
intellectual	d5.txt	1
intelligent	d5.txt	1
intending	d5.txt	1
interest	d5.txt	4
interested	d5.txt	1
interesting	d5.txt	7
interior	d5.txt	1
interiors	d5.txt	1
internal	d5.txt	1
intestinal	d5.txt	1
into	d5.txt	39
intrals	d5.txt	1
introduced	d5.txt	1
introduction	d5.txt	1
invade	d5.txt	1
invaded	d5.txt	2
invalides	d5.txt	1
invaluable	d5.txt	2
invented	d5.txt	1
invention	d5.txt	5
invisum	d5.txt	1
invite	d5.txt	1
invited	d5.txt	2
invoice	d5.txt	1
irate	d5.txt	1
irreparable	d5.txt	3
irresistible	d5.txt	1
irretrievable	d5.txt	1
irritating	d5.txt	1
is	d5.txt	238
isah	d5.txt	1
issued	d5.txt	7
isti	d5.txt	1
it	d5.txt	188
itabuses	d5.txt	1
italian	d5.txt	1
itbut	d5.txt	1
its	d5.txt	61
itself	d5.txt	5
iv	d5.txt	4
ivory	d5.txt	1
ivy	d5.txt	2
ix	d5.txt	2
j	d5.txt	2
jakes	d5.txt	1
januarii	d5.txt	1
jaws	d5.txt	2
jerusalem	d5.txt	1
jet	d5.txt	1
jew	d5.txt	1
john	d5.txt	4
joined	d5.txt	2
joints	d5.txt	1
joists	d5.txt	1
joke	d5.txt	1
josephs	d5.txt	1
journal	d5.txt	1
journey	d5.txt	3
jowl	d5.txt	1
joy	d5.txt	1
jubilee	d5.txt	1
judge	d5.txt	2
judging	d5.txt	1
judgment	d5.txt	4
judicial	d5.txt	1
judiciously	d5.txt	1
july	d5.txt	2
jumped	d5.txt	1
june	d5.txt	1
just	d5.txt	21
keen	d5.txt	1
keep	d5.txt	5
keeper	d5.txt	3
keeping	d5.txt	4
kensington	d5.txt	2
kept	d5.txt	8
kepte	d5.txt	1
kettles	d5.txt	1
key	d5.txt	3
keys	d5.txt	1
kimbolton	d5.txt	1
kind	d5.txt	7
kindly	d5.txt	4
kindness	d5.txt	1
kindred	d5.txt	1
kinds	d5.txt	3
king	d5.txt	4
kingdom	d5.txt	2
kirby	d5.txt	2
kitchen	d5.txt	3
knew	d5.txt	4
knife	d5.txt	1
knighthood	d5.txt	1
knittingneedle	d5.txt	1
knobbd	d5.txt	1
knobs	d5.txt	1
knocked	d5.txt	2
know	d5.txt	10
knowanother	d5.txt	1
knowe	d5.txt	1
knowing	d5.txt	4
knowledge	d5.txt	1
known	d5.txt	11
koran	d5.txt	2
l	d5.txt	1
l10	d5.txt	1
l1200	d5.txt	1
l13	d5.txt	1
l1875	d5.txt	1
l18750	d5.txt	1
l187501	d5.txt	1
l200	d5.txt	2
l3	d5.txt	1
l5	d5.txt	2
l50	d5.txt	1
l500	d5.txt	1
l6	d5.txt	1
l800	d5.txt	1
l9000	d5.txt	1
label	d5.txt	2
labelled	d5.txt	2
labores	d5.txt	1
labourer	d5.txt	1
lace	d5.txt	1
ladder	d5.txt	1
laden	d5.txt	2
ladye	d5.txt	1
laid	d5.txt	2
lamberhurst	d5.txt	1
lament	d5.txt	1
lamentable	d5.txt	1
lamented	d5.txt	1
laments	d5.txt	1
lamport	d5.txt	1
lamps	d5.txt	1
landlady	d5.txt	1
lands	d5.txt	2
language	d5.txt	3
lansdowne	d5.txt	1
lap	d5.txt	1
large	d5.txt	17
larger	d5.txt	2
largest	d5.txt	1
larva	d5.txt	3
larvae	d5.txt	2
larval	d5.txt	1
last	d5.txt	10
lasting	d5.txt	1
late	d5.txt	5
lately	d5.txt	3
later	d5.txt	2
lathe	d5.txt	1
latin	d5.txt	4
latitudes	d5.txt	1
latter	d5.txt	5
latterbury	d5.txt	1
laughter	d5.txt	1
law	d5.txt	1
lawn	d5.txt	1
laws	d5.txt	1
lawsuits	d5.txt	1
lazy	d5.txt	1
lbs	d5.txt	1
le	d5.txt	1
lea	d5.txt	1
lead	d5.txt	1
leading	d5.txt	1
leaf	d5.txt	15
leap	d5.txt	1
learned	d5.txt	3
learning	d5.txt	3
least	d5.txt	5
leather	d5.txt	4
leathercovered	d5.txt	1
leathernecessitates	d5.txt	1
leave	d5.txt	4
leaves	d5.txt	32
leaving	d5.txt	5
led	d5.txt	2
left	d5.txt	11
legally	d5.txt	1
legend	d5.txt	1
legends	d5.txt	1
legs	d5.txt	8
leibnitz	d5.txt	1
leland	d5.txt	1
length	d5.txt	3
lengthen	d5.txt	1
lent	d5.txt	1
lepisma	d5.txt	2
lesbiam	d5.txt	1
less	d5.txt	2
lessing	d5.txt	2
lest	d5.txt	1
let	d5.txt	10
letter	d5.txt	7
lettered	d5.txt	1
lettering	d5.txt	2
letteringtreasures	d5.txt	1
letters	d5.txt	3
level	d5.txt	2
leverage	d5.txt	1
liber	d5.txt	1
liberal	d5.txt	1
liberty	d5.txt	1
librarian	d5.txt	8
librarians	d5.txt	4
libraries	d5.txt	31
librariescolton	d5.txt	1
librariesderomes	d5.txt	1
librariesgermanicabug	d5.txt	1
librarieswas	d5.txt	1
library	d5.txt	75
libraryas	d5.txt	1
librarybirmingham	d5.txt	1
librarycaxton	d5.txt	1
libraryclothes	d5.txt	1
librarye	d5.txt	1
librarylord	d5.txt	1
licentious	d5.txt	1
lid	d5.txt	1
lie	d5.txt	1
life	d5.txt	8
lifelong	d5.txt	1
lift	d5.txt	1
lifted	d5.txt	3
light	d5.txt	10
lightbritish	d5.txt	1
lights	d5.txt	2
ligneous	d5.txt	1
like	d5.txt	25
liked	d5.txt	1
likely	d5.txt	1
likes	d5.txt	1
limit	d5.txt	1
lincoln	d5.txt	1
lincolne	d5.txt	1
line	d5.txt	4
lineal	d5.txt	1
lines	d5.txt	1
liquid	d5.txt	1
list	d5.txt	5
literally	d5.txt	1
literary	d5.txt	9
literate	d5.txt	1
literature	d5.txt	12
lithographic	d5.txt	1
litter	d5.txt	1
little	d5.txt	31
liturgies	d5.txt	1
live	d5.txt	2
lived	d5.txt	1
lively	d5.txt	1
lives	d5.txt	3
living	d5.txt	1
livre	d5.txt	1
livre1	d5.txt	1
livres	d5.txt	2
loaded	d5.txt	1
local	d5.txt	1
lock	d5.txt	1
locked	d5.txt	1
lodgings	d5.txt	1
logan	d5.txt	2
london	d5.txt	15
londoninobelgiae	d5.txt	1
long	d5.txt	25
longer	d5.txt	6
longitudinally	d5.txt	1
look	d5.txt	7
looked	d5.txt	6
looking	d5.txt	4
looks	d5.txt	3
loose	d5.txt	1
loquitur	d5.txt	1
lord	d5.txt	2
lordship	d5.txt	1
lordships	d5.txt	1
lore	d5.txt	2
lose	d5.txt	1
losing	d5.txt	1
loss	d5.txt	7
lost	d5.txt	9
lot	d5.txt	11
lots	d5.txt	2
loud	d5.txt	1
louder	d5.txt	1
love	d5.txt	1
lovely	d5.txt	2
lovers	d5.txt	1
loves	d5.txt	6
loving	d5.txt	1
lovingly	d5.txt	1
lowest	d5.txt	1
lowndes	d5.txt	1
lubbock	d5.txt	1
luckless	d5.txt	1
lucky	d5.txt	1
lug	d5.txt	1
luke	d5.txt	1
lumber	d5.txt	1
lumps	d5.txt	1
lungs	d5.txt	1
luther	d5.txt	1
luxe	d5.txt	2
luxurious	d5.txt	1
luxuriously	d5.txt	1
luxury	d5.txt	1
lybraryes	d5.txt	1
lydgate	d5.txt	1
lydgates	d5.txt	1
lyf	d5.txt	2
m	d5.txt	9
machine	d5.txt	2
machliniaa	d5.txt	1
made	d5.txt	25
maffei	d5.txt	1
magazines	d5.txt	1
magdalene	d5.txt	1
magic	d5.txt	1
magical	d5.txt	2
magna	d5.txt	1
magnificent	d5.txt	3
maiden	d5.txt	1
maidservants	d5.txt	1
maitland	d5.txt	1
majority	d5.txt	2
make	d5.txt	12
makers	d5.txt	2
makes	d5.txt	4
making	d5.txt	7
mall	d5.txt	1
man	d5.txt	13
managed	d5.txt	1
mandarin	d5.txt	1
mangled	d5.txt	1
mania	d5.txt	1
manibus	d5.txt	1
mankind	d5.txt	1
manne	d5.txt	1
manner	d5.txt	1
mans	d5.txt	2
mansfield	d5.txt	1
mansfields	d5.txt	1
mansion	d5.txt	2
mansyons	d5.txt	1
mantle	d5.txt	1
manuscript	d5.txt	6
manuscripts	d5.txt	8
many	d5.txt	75
manye	d5.txt	1
map	d5.txt	1
marble	d5.txt	1
march	d5.txt	2
margin	d5.txt	2
marginal	d5.txt	1
margins	d5.txt	11
mark	d5.txt	2
marked	d5.txt	1
market	d5.txt	2
married	d5.txt	2
mars	d5.txt	1
marsh	d5.txt	1
martinslegrand	d5.txt	1
martinslegrandbooks	d5.txt	1
martyr	d5.txt	1
martyrdom	d5.txt	1
mass	d5.txt	4
master	d5.txt	2
material	d5.txt	1
materials	d5.txt	2
matter	d5.txt	3
matters	d5.txt	2
maximilian	d5.txt	1
may	d5.txt	29
mazarin	d5.txt	4
mcccclxxvij	d5.txt	1
me	d5.txt	37
meal	d5.txt	2
mean	d5.txt	1
means	d5.txt	6
meant	d5.txt	1
meantime	d5.txt	1
measures	d5.txt	1
mechanic	d5.txt	1
medical	d5.txt	1
mediumsized	d5.txt	1
meet	d5.txt	4
mehis	d5.txt	1
memorials	d5.txt	1
memory	d5.txt	5
men	d5.txt	8
mendedcases	d5.txt	1
mending	d5.txt	1
menservants	d5.txt	1
mental	d5.txt	5
mention	d5.txt	2
mentioned	d5.txt	6
mentz	d5.txt	1
merchant	d5.txt	2
merchantes	d5.txt	1
mere	d5.txt	1
merely	d5.txt	1
meritorious	d5.txt	1
merits	d5.txt	3
message	d5.txt	1
messenger	d5.txt	1
messrs	d5.txt	4
met	d5.txt	3
metal	d5.txt	2
metamorphoses	d5.txt	1
mice	d5.txt	2
micrographia	d5.txt	1
microscope	d5.txt	2
microscopic	d5.txt	1
middle	d5.txt	8
middleburgh	d5.txt	1
midst	d5.txt	2
midsummer	d5.txt	1
might	d5.txt	8
mihi	d5.txt	2
mildew	d5.txt	2
miles	d5.txt	4
millboard	d5.txt	1
million	d5.txt	2
millionaire	d5.txt	1
millions	d5.txt	1
mills	d5.txt	1
mind	d5.txt	1
minds	d5.txt	2
mine	d5.txt	1
miniature	d5.txt	1
minimize	d5.txt	1
minimized	d5.txt	1
minister	d5.txt	2
minorite	d5.txt	1
minorites	d5.txt	2
minute	d5.txt	2
miracle	d5.txt	1
miscalculated	d5.txt	1
miscellaneous	d5.txt	3
mischief	d5.txt	1
mischievous	d5.txt	1
misgrown	d5.txt	1
miss	d5.txt	1
missal	d5.txt	1
missals	d5.txt	1
missiles	d5.txt	1
mistake	d5.txt	2
mistook	d5.txt	1
misunderstand	d5.txt	1
mix	d5.txt	1
mob	d5.txt	1
models	d5.txt	1
moderate	d5.txt	2
moderated	d5.txt	1
modern	d5.txt	8
moguntina	d5.txt	1
mohammed	d5.txt	2
mohammedan	d5.txt	1
moisture	d5.txt	1
moment	d5.txt	1
monasteries	d5.txt	1
monastery	d5.txt	2
monastic	d5.txt	1
money	d5.txt	3
moneye	d5.txt	1
moneymore	d5.txt	1
monk	d5.txt	2
monkes	d5.txt	1
monkish	d5.txt	1
monks	d5.txt	6
monster	d5.txt	2
monte	d5.txt	1
month	d5.txt	1
months	d5.txt	5
monumenta	d5.txt	1
moral	d5.txt	1
morality	d5.txt	1
more	d5.txt	36
moreover	d5.txt	2
moribund	d5.txt	1
morning	d5.txt	6
morocco	d5.txt	3
mortal	d5.txt	1
most	d5.txt	27
mostly	d5.txt	6
moth	d5.txt	4
mother	d5.txt	1
moths	d5.txt	1
motive	d5.txt	1
mould	d5.txt	2
mouldbrown	d5.txt	1
mouldspot	d5.txt	1
mouldspots	d5.txt	1
mount	d5.txt	2
mountains	d5.txt	1
mounted	d5.txt	4
mourn	d5.txt	1
mouth	d5.txt	2
mouths	d5.txt	1
movable	d5.txt	1
moved	d5.txt	2
movet	d5.txt	1
moxons	d5.txt	1
mr	d5.txt	20
mrs	d5.txt	1
ms	d5.txt	5
mss	d5.txt	16
msssome	d5.txt	1
msstitlepages	d5.txt	1
much	d5.txt	32
muddy	d5.txt	1
muller	d5.txt	2
mullerclergymen	d5.txt	1
multiplied	d5.txt	2
multiplying	d5.txt	1
multitude	d5.txt	2
mus	d5.txt	1
museum	d5.txt	14
museumtreatment	d5.txt	1
must	d5.txt	16
mutandis	d5.txt	1
mutatis	d5.txt	1
mutely	d5.txt	1
mutilated	d5.txt	3
mutilation	d5.txt	3
my	d5.txt	33
myself	d5.txt	2
naar	d5.txt	1
nacyon	d5.txt	1
nacyons	d5.txt	2
nailed	d5.txt	1
name	d5.txt	8
named	d5.txt	1
nameless	d5.txt	1
namelesse	d5.txt	1
names	d5.txt	2
narrate	d5.txt	1
narrated	d5.txt	1
narrates	d5.txt	1
narrowly	d5.txt	1
nation	d5.txt	3
national	d5.txt	4
nationalities	d5.txt	1
nations	d5.txt	1
native	d5.txt	2
natural	d5.txt	7
naturally	d5.txt	1
nature	d5.txt	7
naught	d5.txt	1
naylor	d5.txt	1
near	d5.txt	3
nearer	d5.txt	1
nearest	d5.txt	1
nearly	d5.txt	7
neat	d5.txt	1
neatly	d5.txt	1
necessarily	d5.txt	1
necessary	d5.txt	6
necessity	d5.txt	1
neck	d5.txt	4
nede	d5.txt	1
need	d5.txt	4
needed	d5.txt	1
needs	d5.txt	2
neglect	d5.txt	10
neglected	d5.txt	5
neglectedinstance	d5.txt	1
neglectedvarious	d5.txt	1
neglecting	d5.txt	1
negligence	d5.txt	1
neighbour	d5.txt	1
neighbouring	d5.txt	5
neighbours	d5.txt	3
neither	d5.txt	3
nell	d5.txt	1
nest	d5.txt	5
nests	d5.txt	2
netherlands	d5.txt	1
neutralise	d5.txt	1
never	d5.txt	13
nevertheless	d5.txt	5
new	d5.txt	10
newlyprinted	d5.txt	1
newmarsh	d5.txt	1
news	d5.txt	2
newspapers	d5.txt	1
next	d5.txt	4
nibble	d5.txt	1
nice	d5.txt	2
nicknamed	d5.txt	1
night	d5.txt	4
ninepence	d5.txt	2
nineteenth	d5.txt	1
niptus	d5.txt	1
no	d5.txt	51
noble	d5.txt	4
nobody	d5.txt	1
noise	d5.txt	2
nombre	d5.txt	2
none	d5.txt	1
nonis	d5.txt	1
nook	d5.txt	1
nooks	d5.txt	1
noon	d5.txt	2
nor	d5.txt	8
normal	d5.txt	1
northampton	d5.txt	1
nosegaye	d5.txt	1
nosegaytheurdanckfragments	d5.txt	1
not	d5.txt	105
note	d5.txt	5
notes	d5.txt	3
nothing	d5.txt	4
notice	d5.txt	5
noticed	d5.txt	1
noticing	d5.txt	1
noting	d5.txt	1
notions	d5.txt	1
notprobably	d5.txt	1
notwithstanding	d5.txt	2
nourished	d5.txt	1
nourishment	d5.txt	1
novels	d5.txt	1
now	d5.txt	41
nowadays	d5.txt	1
noxious	d5.txt	1
number	d5.txt	5
numbers	d5.txt	2
numerous	d5.txt	11
nuremberg	d5.txt	1
nursed	d5.txt	1
nursery	d5.txt	1
nuts	d5.txt	1
oak	d5.txt	1
obedience	d5.txt	1
object	d5.txt	5
objected	d5.txt	1
objection	d5.txt	2
objectionable	d5.txt	2
objections	d5.txt	1
oblige	d5.txt	1
obliged	d5.txt	1
oblong	d5.txt	2
observances	d5.txt	2
observant	d5.txt	1
observations	d5.txt	1
observe	d5.txt	1
observed	d5.txt	1
obsolete	d5.txt	1
obtain	d5.txt	3
obtained	d5.txt	1
occasion	d5.txt	2
occasionally	d5.txt	3
occupier	d5.txt	1
occur	d5.txt	4
occurred	d5.txt	1
occurrence	d5.txt	2
occurs	d5.txt	2
oclock	d5.txt	2
octavo	d5.txt	1
odd	d5.txt	1
odde	d5.txt	1
oddshaped	d5.txt	1
ode	d5.txt	1
oe	d5.txt	1
oecophora	d5.txt	2
oecophorathis	d5.txt	1
of	d5.txt	942
ofchristian	d5.txt	1
off	d5.txt	14
offer	d5.txt	1
offered	d5.txt	10
offers	d5.txt	1
office	d5.txt	6
offices	d5.txt	1
officials	d5.txt	1
offor	d5.txt	1
offspring	d5.txt	2
oft	d5.txt	1
often	d5.txt	25
oftquoted	d5.txt	1
ofways	d5.txt	1
oh	d5.txt	7
oils	d5.txt	1
old	d5.txt	78
olden	d5.txt	3
older	d5.txt	1
oldest	d5.txt	2
on	d5.txt	96
once	d5.txt	17
oncewhite	d5.txt	1
one	d5.txt	75
ones	d5.txt	2
only	d5.txt	24
onlythat	d5.txt	1
open	d5.txt	11
opened	d5.txt	5
opening	d5.txt	1
openlyavowed	d5.txt	1
opens	d5.txt	1
opera	d5.txt	1
operation	d5.txt	1
operator	d5.txt	1
opinion	d5.txt	2
opportunity	d5.txt	3
opposed	d5.txt	1
opposing	d5.txt	2
opposite	d5.txt	1
opulent	d5.txt	1
or	d5.txt	90
order	d5.txt	7
ordered	d5.txt	1
ordinary	d5.txt	1
origin	d5.txt	2
original	d5.txt	11
originally	d5.txt	3
originals	d5.txt	1
ornament	d5.txt	1
ornamental	d5.txt	2
ornamentation	d5.txt	1
ornaments	d5.txt	1
orthodox	d5.txt	2
other	d5.txt	27
others	d5.txt	9
ought	d5.txt	4
our	d5.txt	30
oure	d5.txt	1
out	d5.txt	37
outbreak	d5.txt	1
outburst	d5.txt	1
outdoor	d5.txt	1
outer	d5.txt	4
outline	d5.txt	1
outlook	d5.txt	1
outoftheway	d5.txt	1
outrage	d5.txt	1
outside	d5.txt	7
outskirts	d5.txt	2
outward	d5.txt	3
oval	d5.txt	3
ovens	d5.txt	1
over	d5.txt	19
overall	d5.txt	1
overboard	d5.txt	1
overcareful	d5.txt	1
overcome	d5.txt	1
ovid	d5.txt	1
owen	d5.txt	1
owing	d5.txt	1
own	d5.txt	19
owner	d5.txt	3
owners	d5.txt	4
oxalic	d5.txt	1
oxenforde	d5.txt	1
oxford	d5.txt	1
p	d5.txt	3
packed	d5.txt	2
pagan	d5.txt	1
page	d5.txt	3
pages	d5.txt	8
paid	d5.txt	2
pain	d5.txt	2
painful	d5.txt	1
painted	d5.txt	1
pair	d5.txt	1
pall	d5.txt	1
pamphlet	d5.txt	1
pamphlets	d5.txt	2
panel	d5.txt	1
paniceum	d5.txt	3
pans	d5.txt	1
paper	d5.txt	51
paperamerica	d5.txt	1
paperdecay	d5.txt	1
papereating	d5.txt	3
papermakers	d5.txt	1
papers	d5.txt	1
papyrus	d5.txt	1
par	d5.txt	2
parables	d5.txt	1
paradise	d5.txt	1
parcel	d5.txt	1
parchment	d5.txt	9
parchmentpierre	d5.txt	1
pardon	d5.txt	2
parent	d5.txt	1
pariah	d5.txt	1
paris	d5.txt	5
paris1	d5.txt	1
parish	d5.txt	4
parnells	d5.txt	1
part	d5.txt	14
partial	d5.txt	1
particular	d5.txt	5
particulars	d5.txt	2
parting	d5.txt	1
partly	d5.txt	1
partner	d5.txt	1
partners	d5.txt	1
parts	d5.txt	5
pass	d5.txt	4
passed	d5.txt	8
passerem	d5.txt	1
passing	d5.txt	2
past	d5.txt	6
paste	d5.txt	2
pasted	d5.txt	2
pasting	d5.txt	1
patent	d5.txt	2
patents	d5.txt	1
paterfamilias	d5.txt	1
paternoster	d5.txt	1
path	d5.txt	1
patience	d5.txt	1
patient	d5.txt	2
patriot	d5.txt	1
paul	d5.txt	1
pauls	d5.txt	3
pavement	d5.txt	1
pay	d5.txt	1
peaceofficers	d5.txt	1
peals	d5.txt	1
peccant	d5.txt	1
peculiar	d5.txt	1
pecus	d5.txt	1
pedlar	d5.txt	2
peignot	d5.txt	1
pelham	d5.txt	1
penal	d5.txt	1
pene	d5.txt	2
penetrate	d5.txt	1
penetrates	d5.txt	1
penknives	d5.txt	1
people	d5.txt	2
pepper	d5.txt	1
pepys	d5.txt	2
per	d5.txt	3
perfect	d5.txt	6
perfectly	d5.txt	3
perforated	d5.txt	1
perforates	d5.txt	1
performed	d5.txt	1
perhaps	d5.txt	7
period	d5.txt	4
perish	d5.txt	1
perished	d5.txt	2
perishing	d5.txt	1
permission	d5.txt	2
perpetrated	d5.txt	2
perpetrator	d5.txt	1
persecution	d5.txt	1
persians	d5.txt	1
person	d5.txt	2
personal	d5.txt	7
personally	d5.txt	4
persons	d5.txt	1
persuasion	d5.txt	1
pertinaciously	d5.txt	1
pertinax	d5.txt	5
pertinence	d5.txt	1
pessimo	d5.txt	1
pest	d5.txt	4
pestis	d5.txt	1
pests	d5.txt	3
peter	d5.txt	1
petit	d5.txt	2
petits	d5.txt	1
petrus	d5.txt	1
pharaoh	d5.txt	1
philadelphia	d5.txt	4
philadelphians	d5.txt	1
philarete	d5.txt	1
phillipps	d5.txt	2
philological	d5.txt	1
phrase	d5.txt	1
piano	d5.txt	1
pick	d5.txt	1
picture	d5.txt	1
piece	d5.txt	3
pieces	d5.txt	9
pierce	d5.txt	2
pierced	d5.txt	2
pierre	d5.txt	2
pigeon	d5.txt	1
pile	d5.txt	1
piled	d5.txt	2
piles	d5.txt	1
pin	d5.txt	1
pinelli	d5.txt	2
pinguinalis	d5.txt	3
pipe	d5.txt	1
pipes	d5.txt	2
pipesasbestos	d5.txt	1
pirate	d5.txt	1
pirates	d5.txt	2
piscis	d5.txt	1
pit	d5.txt	1
pity	d5.txt	2
place	d5.txt	9
placed	d5.txt	11
places	d5.txt	4
placing	d5.txt	5
plagued	d5.txt	1
plain	d5.txt	3
plainly	d5.txt	1
planted	d5.txt	1
plantijnsche	d5.txt	1
plantin	d5.txt	2
plaster	d5.txt	1
plates	d5.txt	4
play	d5.txt	1
playes	d5.txt	2
playroom	d5.txt	1
plays	d5.txt	1
plead	d5.txt	1
pleasant	d5.txt	1
pleased	d5.txt	1
pleasing	d5.txt	1
pleasurable	d5.txt	1
pleasure	d5.txt	4
pleasuredeadly	d5.txt	1
pleasures	d5.txt	2
plight	d5.txt	2
plot	d5.txt	1
plough	d5.txt	3
ploughed	d5.txt	2
ploughedtis	d5.txt	1
plums	d5.txt	1
pluto	d5.txt	1
pocketknife	d5.txt	2
poem	d5.txt	2
poemhookes	d5.txt	1
poems	d5.txt	2
poet	d5.txt	6
poetry	d5.txt	1
pointed	d5.txt	1
pointing	d5.txt	1
points	d5.txt	1
pole	d5.txt	1
poles	d5.txt	1
policemen	d5.txt	1
policy	d5.txt	1
politely	d5.txt	1
poor	d5.txt	4
pope	d5.txt	1
popular	d5.txt	1
porter	d5.txt	4
portion	d5.txt	8
portions	d5.txt	4
portrait	d5.txt	4
portraits	d5.txt	3
portretten	d5.txt	1
position	d5.txt	2
positions	d5.txt	1
positive	d5.txt	1
positively	d5.txt	5
possess	d5.txt	2
possessed	d5.txt	1
possessing	d5.txt	2
possession	d5.txt	4
possessors	d5.txt	1
possible	d5.txt	3
post	d5.txt	2
postman	d5.txt	1
postscript	d5.txt	1
postscriptum	d5.txt	2
potash	d5.txt	1
pots	d5.txt	1
pound	d5.txt	1
pounds	d5.txt	3
poverty	d5.txt	2
powder	d5.txt	2
power	d5.txt	1
practised	d5.txt	1
praisedbad	d5.txt	1
prayer	d5.txt	1
preached	d5.txt	1
preaching	d5.txt	3
precarious	d5.txt	1
precaution	d5.txt	1
precedent	d5.txt	1
precedes	d5.txt	1
precious	d5.txt	4
predecessors	d5.txt	1
preemption	d5.txt	1
preferable	d5.txt	2
preliminary	d5.txt	1
premature	d5.txt	1
present	d5.txt	5
preservation	d5.txt	4
preservative	d5.txt	1
preserve	d5.txt	2
preserved	d5.txt	12
preserves	d5.txt	1
press	d5.txt	6
pressed	d5.txt	2
presses	d5.txt	1
pressing	d5.txt	1
pressure	d5.txt	1
prestes	d5.txt	1
preston	d5.txt	1
pretence	d5.txt	1
pretty	d5.txt	3
prevalent	d5.txt	1
prevent	d5.txt	1
preventative	d5.txt	1
preventing	d5.txt	1
preventive	d5.txt	1
previous	d5.txt	1
prey	d5.txt	2
price	d5.txt	9
priceless	d5.txt	2
prices	d5.txt	2
pridie	d5.txt	1
priestley	d5.txt	2
priestleys	d5.txt	1
priests	d5.txt	1
prime	d5.txt	1
princely	d5.txt	1
princes	d5.txt	1
print	d5.txt	5
printed	d5.txt	24
printer	d5.txt	3
printers	d5.txt	6
printing	d5.txt	14
printing1	d5.txt	1
prints	d5.txt	1
prior	d5.txt	1
prisoner	d5.txt	1
private	d5.txt	9
probability	d5.txt	1
probably	d5.txt	14
probatum	d5.txt	1
procrastination	d5.txt	1
procuring	d5.txt	1
produce	d5.txt	2
produced	d5.txt	1
produces	d5.txt	1
producing	d5.txt	1
production	d5.txt	3
prodygyous	d5.txt	1
proeme	d5.txt	1
professor	d5.txt	1
progeny	d5.txt	2
programme	d5.txt	1
progress	d5.txt	2
project	d5.txt	1
prolong	d5.txt	1
prolonged	d5.txt	1
prominent	d5.txt	1
promise	d5.txt	1
promised	d5.txt	1
promises	d5.txt	1
promoted	d5.txt	1
pronounced	d5.txt	1
propensity	d5.txt	1
properly	d5.txt	2
proposed	d5.txt	1
propriety	d5.txt	1
prospect	d5.txt	1
prosperity	d5.txt	1
protection	d5.txt	3
protestant	d5.txt	4
protestants	d5.txt	1
protested	d5.txt	1
protuberances	d5.txt	1
proud	d5.txt	3
proved	d5.txt	1
proverb	d5.txt	1
provided	d5.txt	3
provincial	d5.txt	1
proving	d5.txt	1
pryce	d5.txt	1
psalm	d5.txt	1
psalter	d5.txt	1
pseudospretella	d5.txt	2
ptolemies	d5.txt	1
public	d5.txt	9
publication	d5.txt	1
publications	d5.txt	1
publicly	d5.txt	1
published	d5.txt	3
puer	d5.txt	1
pull	d5.txt	1
pulp	d5.txt	1
pulped	d5.txt	1
punches	d5.txt	1
punishment	d5.txt	1
puny	d5.txt	2
pupa	d5.txt	1
purchase	d5.txt	2
purchased	d5.txt	5
purchaser	d5.txt	1
purchases	d5.txt	2
purchasing	d5.txt	2
purely	d5.txt	1
purified	d5.txt	1
puritanical	d5.txt	1
purpose	d5.txt	5
purposely	d5.txt	1
purposes	d5.txt	2
purse	d5.txt	1
pursued	d5.txt	1
pursued1	d5.txt	1
pursuit	d5.txt	1
push	d5.txt	1
pushed	d5.txt	1
put	d5.txt	9
puttick	d5.txt	1
puzzled	d5.txt	1
puzzlement	d5.txt	1
pye	d5.txt	1
pyebottoms	d5.txt	1
pyes	d5.txt	1
pynson	d5.txt	1
quad	d5.txt	1
quadrangle	d5.txt	2
quaint	d5.txt	1
quality	d5.txt	1
quantity	d5.txt	3
quarter	d5.txt	2
quarto	d5.txt	5
quartos	d5.txt	3
queen	d5.txt	2
queries	d5.txt	1
question	d5.txt	2
questioning	d5.txt	1
quick	d5.txt	1
quickly	d5.txt	2
quid	d5.txt	1
quiet	d5.txt	2
quietly	d5.txt	1
quite	d5.txt	19
quorum	d5.txt	1
quoted	d5.txt	5
quoting	d5.txt	2
r	d5.txt	3
race	d5.txt	3
racy	d5.txt	1
raged	d5.txt	1
rags	d5.txt	3
railway	d5.txt	2
rain	d5.txt	2
rainwoffenbuttelvapour	d5.txt	1
rainy	d5.txt	2
raise	d5.txt	1
raised	d5.txt	2
rampant	d5.txt	1
ramparts	d5.txt	1
ranging	d5.txt	1
rank	d5.txt	1
ranked	d5.txt	1
rankling	d5.txt	2
rapid	d5.txt	4
rapidly	d5.txt	1
rare	d5.txt	14
rarissimus	d5.txt	1
rarities	d5.txt	2
rarity	d5.txt	2
rascals	d5.txt	1
rat	d5.txt	1
rate	d5.txt	2
rather	d5.txt	3
rats	d5.txt	6
ratsthe	d5.txt	1
ravages	d5.txt	7
ravenous	d5.txt	3
reach	d5.txt	1
reached	d5.txt	6
reaching	d5.txt	1
read	d5.txt	10
reader	d5.txt	9
readers	d5.txt	6
reading	d5.txt	1
real	d5.txt	12
realised	d5.txt	1
really	d5.txt	2
realme	d5.txt	1
rear	d5.txt	1
rearranged	d5.txt	1
reason	d5.txt	5
reasons	d5.txt	1
rebinding	d5.txt	2
rebindingbookbinderselectric	d5.txt	1
rebound	d5.txt	1
rebuffs	d5.txt	1
recall	d5.txt	1
receipted	d5.txt	1
receipts	d5.txt	1
receive	d5.txt	4
received	d5.txt	6
receiving	d5.txt	1
recent	d5.txt	2
receptacle	d5.txt	1
recesses	d5.txt	2
recked	d5.txt	1
reckon	d5.txt	2
reckoned	d5.txt	1
reckoning	d5.txt	1
recognition	d5.txt	2
recognize	d5.txt	1
recoils	d5.txt	1
recollet	d5.txt	1
record	d5.txt	2
records	d5.txt	2
recover	d5.txt	1
recross	d5.txt	1
rector	d5.txt	1
rectory	d5.txt	3
recurrence	d5.txt	1
recuyell	d5.txt	1
redress	d5.txt	1
redtape	d5.txt	1
reduced	d5.txt	7
reducing	d5.txt	1
reduction	d5.txt	1
reengraved	d5.txt	1
refer	d5.txt	2
reference	d5.txt	1
referred	d5.txt	1
referring	d5.txt	1
reform	d5.txt	1
reformation	d5.txt	2
reformationmazarin	d5.txt	1
refusal	d5.txt	1
refuse	d5.txt	2
regard	d5.txt	1
regarded	d5.txt	1
regarding	d5.txt	1
regions	d5.txt	1
register	d5.txt	1
registers	d5.txt	3
registerstory	d5.txt	1
regret	d5.txt	1
rejoicing	d5.txt	1
relate	d5.txt	1
relates	d5.txt	1
relative	d5.txt	1
relatively	d5.txt	1
relics	d5.txt	1
relieve	d5.txt	1
religion	d5.txt	1
religiously	d5.txt	1
relish	d5.txt	1
remain	d5.txt	4
remainder	d5.txt	1
remained	d5.txt	4
remains	d5.txt	1
remark	d5.txt	1
remarkable	d5.txt	2
remarkably	d5.txt	1
remarks	d5.txt	3
remedy	d5.txt	3
remember	d5.txt	5
removal	d5.txt	1
removed	d5.txt	7
renovation	d5.txt	1
renown	d5.txt	1
repairs	d5.txt	2
replace	d5.txt	4
replaced	d5.txt	4
replied	d5.txt	4
reply	d5.txt	2
replying	d5.txt	1
report	d5.txt	1
repose	d5.txt	1
represent	d5.txt	2
represented	d5.txt	1
represents	d5.txt	1
reprimand	d5.txt	1
reprint	d5.txt	1
reprinted	d5.txt	3
reprinting	d5.txt	1
reproduce	d5.txt	1
reptile	d5.txt	1
reptiles	d5.txt	1
repute	d5.txt	1
requested	d5.txt	1
require	d5.txt	2
required	d5.txt	3
rescued	d5.txt	3
research	d5.txt	1
resemblance	d5.txt	1
resembling	d5.txt	1
resented	d5.txt	1
reserved	d5.txt	1
residence	d5.txt	1
resigned	d5.txt	1
resist	d5.txt	2
resized	d5.txt	1
resold	d5.txt	2
respect	d5.txt	3
respects	d5.txt	2
resplendent	d5.txt	1
responsibility	d5.txt	1
responsible	d5.txt	1
rest	d5.txt	1
restingplace	d5.txt	1
restoration	d5.txt	2
restorer	d5.txt	1
restoring	d5.txt	1
restraint	d5.txt	1
restricted	d5.txt	1
restrictions	d5.txt	1
result	d5.txt	4
results	d5.txt	2
retain	d5.txt	1
retained	d5.txt	1
retaliated	d5.txt	1
retort	d5.txt	1
retreat	d5.txt	1
return	d5.txt	1
returned	d5.txt	1
returning	d5.txt	2
rev	d5.txt	3
reveal	d5.txt	1
reverberation	d5.txt	1
reverence	d5.txt	2
revived	d5.txt	1
revolution	d5.txt	1
rewarded	d5.txt	1
rich	d5.txt	1
richard	d5.txt	1
riches	d5.txt	1
rid	d5.txt	2
riddled	d5.txt	1
right	d5.txt	3
righteously	d5.txt	1
rightly	d5.txt	1
rigid	d5.txt	1
ringd	d5.txt	1
ringwalt	d5.txt	3
riots	d5.txt	2
riotsdr	d5.txt	1
rise	d5.txt	1
risk	d5.txt	1
rivals	d5.txt	1
rivets	d5.txt	1
rivetshow	d5.txt	1
road	d5.txt	1
roan	d5.txt	1
roaring	d5.txt	2
roast	d5.txt	1
robe	d5.txt	1
robes	d5.txt	1
robust	d5.txt	1
roller	d5.txt	1
roman	d5.txt	3
romance	d5.txt	1
romanorum	d5.txt	1
romanorumlansdowne	d5.txt	1
rome	d5.txt	4
romish	d5.txt	1
rood	d5.txt	1
roof	d5.txt	2
roofing	d5.txt	1
room	d5.txt	15
rooms	d5.txt	4
rooted	d5.txt	1
roots	d5.txt	1
rot	d5.txt	1
rota	d5.txt	1
rots	d5.txt	2
rotten	d5.txt	1
rough	d5.txt	2
roughly	d5.txt	2
round	d5.txt	6
routed	d5.txt	1
routing	d5.txt	1
row	d5.txt	2
rows	d5.txt	2
royal	d5.txt	3
rt	d5.txt	1
rub	d5.txt	2
rubbe	d5.txt	1
rubbed	d5.txt	2
rubbish	d5.txt	7
rubens	d5.txt	3
rubies	d5.txt	1
rubis	d5.txt	1
rude	d5.txt	1
rudimentary	d5.txt	1
rue	d5.txt	1
ruffians	d5.txt	1
ruffles	d5.txt	1
ruins	d5.txt	2
rule	d5.txt	3
rules	d5.txt	1
run	d5.txt	2
running	d5.txt	2
runs	d5.txt	1
russiacalf	d5.txt	1
russian	d5.txt	1
russians	d5.txt	1
ruthlessly	d5.txt	2
rye	d5.txt	2
s	d5.txt	1
sack	d5.txt	1
sacked	d5.txt	1
sacred	d5.txt	3
sacrifice	d5.txt	1
sad	d5.txt	3
sadly	d5.txt	3
safe	d5.txt	1
safely	d5.txt	2
safety	d5.txt	2
sage	d5.txt	1
said	d5.txt	5
sailors	d5.txt	1
saint	d5.txt	4
sale	d5.txt	10
salis	d5.txt	1
salvage	d5.txt	2
same	d5.txt	21
samuel	d5.txt	1
sanction	d5.txt	1
sanctum	d5.txt	1
sanctumit	d5.txt	1
saracens	d5.txt	1
sarcasm	d5.txt	1
sat	d5.txt	1
satisfaction	d5.txt	2
satisfactory	d5.txt	1
saturating	d5.txt	1
sauntered	d5.txt	1
save	d5.txt	1
saving	d5.txt	1
saw	d5.txt	6
sawdust	d5.txt	1
say	d5.txt	14
says	d5.txt	3
scaffold	d5.txt	1
scaffolding	d5.txt	1
scaffoldpole	d5.txt	1
scald	d5.txt	1
scales	d5.txt	1
scarce	d5.txt	2
scarcity	d5.txt	2
scars	d5.txt	1
scene	d5.txt	1
schoeffer	d5.txt	3
scholarly	d5.txt	1
scholars	d5.txt	1
schonsperger	d5.txt	1
school	d5.txt	1
schoolboy	d5.txt	1
schoolmaster	d5.txt	1
schoolroom	d5.txt	1
schoyffer	d5.txt	1
science	d5.txt	2
scientific	d5.txt	2
scientists	d5.txt	1
scorched	d5.txt	3
scores	d5.txt	1
scotch	d5.txt	1
scoure	d5.txt	1
scourings	d5.txt	1
scrambling	d5.txt	1
scratch	d5.txt	1
scratches	d5.txt	1
scrolls	d5.txt	2
sea	d5.txt	3
seapinellis	d5.txt	1
search	d5.txt	3
season	d5.txt	2
seat	d5.txt	1
seats	d5.txt	1
second	d5.txt	2
secrecy	d5.txt	1
section	d5.txt	2
sections	d5.txt	4
secular	d5.txt	2
security	d5.txt	1
seduced	d5.txt	1
see	d5.txt	10
seeds	d5.txt	2
seeing	d5.txt	5
seek	d5.txt	1
seem	d5.txt	5
seemed	d5.txt	6
seeming	d5.txt	1
seemingly	d5.txt	1
seems	d5.txt	4
seen	d5.txt	14
sees	d5.txt	1
seized	d5.txt	1
seizes	d5.txt	1
seketh	d5.txt	1
seldom	d5.txt	5
select	d5.txt	1
selected	d5.txt	2
selection	d5.txt	2
selfacting	d5.txt	1
sell	d5.txt	6
seller	d5.txt	1
sellers	d5.txt	2
selling	d5.txt	1
send	d5.txt	3
sends	d5.txt	1
sense	d5.txt	3
senseless	d5.txt	1
sent	d5.txt	7
sentenced	d5.txt	1
sentences	d5.txt	1
sentiment	d5.txt	1
sentimentality	d5.txt	1
separate	d5.txt	3
separated	d5.txt	1
separately	d5.txt	2
september	d5.txt	1
series	d5.txt	1
serious	d5.txt	2
sermons	d5.txt	3
serpent	d5.txt	1
servant	d5.txt	3
servants	d5.txt	3
serve	d5.txt	3
served	d5.txt	4
service	d5.txt	1
services	d5.txt	1
set	d5.txt	3
sets	d5.txt	2
sette	d5.txt	1
setting	d5.txt	1
settled	d5.txt	1
seven	d5.txt	2
seventeenth	d5.txt	5
seventh	d5.txt	1
seventy	d5.txt	1
several	d5.txt	11
severely	d5.txt	4
shabby	d5.txt	1
shade	d5.txt	1
shady	d5.txt	2
shakespeare	d5.txt	2
shakespearian	d5.txt	1
shaking	d5.txt	1
shall	d5.txt	7
shalt	d5.txt	1
shame	d5.txt	1
shameful	d5.txt	1
shamefully	d5.txt	1
shameth	d5.txt	1
shapd	d5.txt	1
shape	d5.txt	7
sharp	d5.txt	1
shaving	d5.txt	2
shavings	d5.txt	2
she	d5.txt	11
sheep	d5.txt	2
sheepskin	d5.txt	1
sheer	d5.txt	1
sheets	d5.txt	7
sheldon	d5.txt	1
shelf	d5.txt	10
shelfhigh	d5.txt	1
shelfsupports	d5.txt	1
shells	d5.txt	1
shelves	d5.txt	17
shields	d5.txt	1
shiny	d5.txt	1
shipped	d5.txt	1
shocked	d5.txt	1
shoddy	d5.txt	1
shoemaker	d5.txt	1
shone	d5.txt	1
shop	d5.txt	3
shore	d5.txt	1
shorn	d5.txt	1
short	d5.txt	5
shortened	d5.txt	1
shorter	d5.txt	1
shortly	d5.txt	2
shortsighted	d5.txt	1
should	d5.txt	36
shoulde	d5.txt	1
show	d5.txt	6
showed	d5.txt	1
showing	d5.txt	3
shown	d5.txt	3
shows	d5.txt	4
shrines	d5.txt	2
shut	d5.txt	1
shy	d5.txt	1
shyllynges	d5.txt	1
shyppes	d5.txt	1
si	d5.txt	1
sibs	d5.txt	1
sick	d5.txt	1
sicken	d5.txt	1
side	d5.txt	8
sides	d5.txt	4
siemens	d5.txt	1
sighed	d5.txt	1
sight	d5.txt	2
signal	d5.txt	1
signs	d5.txt	2
silence	d5.txt	2
silk	d5.txt	1
silkworm	d5.txt	1
silver	d5.txt	5
silvershining	d5.txt	1
silvery	d5.txt	1
similar	d5.txt	12
similarity	d5.txt	1
simple	d5.txt	1
simplicity	d5.txt	1
simply	d5.txt	6
simpsons	d5.txt	1
sin	d5.txt	1
since	d5.txt	8
sinecure	d5.txt	2
sinful	d5.txt	1
single	d5.txt	8
singly	d5.txt	1
sins	d5.txt	3
sir	d5.txt	7
sister	d5.txt	1
siue	d5.txt	1
six	d5.txt	6
sixpence	d5.txt	2
sixteenth	d5.txt	1
sixtyninth	d5.txt	1
size	d5.txt	12
sized	d5.txt	1
sizes	d5.txt	1
sizing	d5.txt	1
skeletons	d5.txt	1
skilful	d5.txt	1
skill	d5.txt	2
skin	d5.txt	1
skirmishing	d5.txt	1
sky	d5.txt	1
skylight	d5.txt	1
slanting	d5.txt	1
slave	d5.txt	1
sleep	d5.txt	1
sleeve	d5.txt	1
slight	d5.txt	1
slightest	d5.txt	2
slightly	d5.txt	1
sling	d5.txt	1
slips	d5.txt	6
slow	d5.txt	2
slowly	d5.txt	2
small	d5.txt	23
smaller	d5.txt	4
smear	d5.txt	1
smith	d5.txt	3
smoke	d5.txt	1
smooth	d5.txt	1
snatched	d5.txt	1
sneezing	d5.txt	1
snuff	d5.txt	3
snug	d5.txt	1
so	d5.txt	87
soaked	d5.txt	3
socarefulness	d5.txt	1
society	d5.txt	6
sodden	d5.txt	1
soft	d5.txt	3
soiled	d5.txt	2
solatium	d5.txt	1
sold	d5.txt	9
solde	d5.txt	2
soldiers	d5.txt	1
solitude	d5.txt	1
solution	d5.txt	1
some	d5.txt	78
something	d5.txt	2
sometimes	d5.txt	7
somewhat	d5.txt	2
somewhere	d5.txt	1
sons	d5.txt	3
soon	d5.txt	17
soonest	d5.txt	1
sope	d5.txt	1
sore	d5.txt	1
sorry	d5.txt	1
sort	d5.txt	4
sorted	d5.txt	3
sorting	d5.txt	1
sorts	d5.txt	2
sortsattempts	d5.txt	1
sotheby	d5.txt	2
sothebys	d5.txt	1
soul	d5.txt	2
souls	d5.txt	1
soundest	d5.txt	1
sous	d5.txt	1
south	d5.txt	2
space	d5.txt	6
spared	d5.txt	2
sparing	d5.txt	1
speak	d5.txt	3
speaking	d5.txt	3
speaks	d5.txt	1
special	d5.txt	4
species	d5.txt	5
specifications	d5.txt	3
specimen	d5.txt	3
specimens	d5.txt	2
speculative	d5.txt	1
speedy	d5.txt	2
spence	d5.txt	1
spends	d5.txt	1
spent	d5.txt	2
spins	d5.txt	1
spirit	d5.txt	1
spiritually	d5.txt	1
spoiled	d5.txt	1
spoken	d5.txt	1
spondees	d5.txt	1
spot	d5.txt	1
spots	d5.txt	4
spread	d5.txt	5
spring	d5.txt	1
spunout	d5.txt	1
square	d5.txt	2
squares	d5.txt	1
st	d5.txt	11
stage	d5.txt	1
stained	d5.txt	1
stains	d5.txt	5
stainsdr	d5.txt	1
staircase	d5.txt	1
stall	d5.txt	1
stalled	d5.txt	1
stamped	d5.txt	1
stand	d5.txt	2
standing	d5.txt	2
stands	d5.txt	1
stark	d5.txt	6
starks	d5.txt	1
starting	d5.txt	1
state	d5.txt	15
stated	d5.txt	1
states	d5.txt	6
stating	d5.txt	1
station	d5.txt	3
stationer	d5.txt	1
stationers	d5.txt	1
statistics	d5.txt	1
stead	d5.txt	1
steady	d5.txt	2
steam	d5.txt	2
steampress	d5.txt	1
stede	d5.txt	1
step	d5.txt	1
steps	d5.txt	1
stern	d5.txt	1
sternly	d5.txt	1
sticking	d5.txt	1
sticky	d5.txt	1
stiffens	d5.txt	1
still	d5.txt	13
stinging	d5.txt	1
stock	d5.txt	2
stolenstory	d5.txt	1
stolidity	d5.txt	1
stomach	d5.txt	2
stomacho	d5.txt	1
stone	d5.txt	3
store	d5.txt	3
storehouse	d5.txt	1
stories	d5.txt	1
storm	d5.txt	1
story	d5.txt	10
stout	d5.txt	4
stove	d5.txt	1
stoves	d5.txt	1
straight	d5.txt	3
strain	d5.txt	1
stranger	d5.txt	1
strasbourg	d5.txt	2
streak	d5.txt	1
streams	d5.txt	1
street	d5.txt	3
streight	d5.txt	1
strength	d5.txt	1
strengthen	d5.txt	1
strengthstrength	d5.txt	1
strict	d5.txt	1
strictly	d5.txt	2
string	d5.txt	1
strings	d5.txt	1
stroke	d5.txt	1
strong	d5.txt	6
strongly	d5.txt	1
struck	d5.txt	1
struggled	d5.txt	1
student	d5.txt	1
students	d5.txt	2
study	d5.txt	1
stuffe	d5.txt	1
stuffed	d5.txt	1
stupid	d5.txt	1
sturdy	d5.txt	1
style	d5.txt	1
subject	d5.txt	6
substance	d5.txt	2
suburban	d5.txt	1
succeed	d5.txt	1
succeeded	d5.txt	1
success	d5.txt	1
successfully	d5.txt	1
succession	d5.txt	2
successor	d5.txt	1
successors	d5.txt	1
succumbs	d5.txt	1
such	d5.txt	36
suche	d5.txt	1
suckerlike	d5.txt	1
sudden	d5.txt	1
suddenly	d5.txt	2
suffer	d5.txt	1
sufferd	d5.txt	1
suffered	d5.txt	5
sufferer	d5.txt	1
suffice	d5.txt	1
sufficient	d5.txt	3
sufficiently	d5.txt	1
suggest	d5.txt	1
suggested	d5.txt	1
suggestive	d5.txt	1
suit	d5.txt	2
suitable	d5.txt	1
suited	d5.txt	1
sulphate	d5.txt	1
sulphur	d5.txt	1
sum	d5.txt	6
summer	d5.txt	5
summoned	d5.txt	1
sun	d5.txt	4
sunbeams	d5.txt	2
sundry	d5.txt	2
sunlight	d5.txt	1
suns	d5.txt	1
superb	d5.txt	1
superfluous	d5.txt	1
supersede	d5.txt	1
superstition	d5.txt	2
superstitious	d5.txt	1
superstycyouse	d5.txt	1
supervised	d5.txt	1
supplied	d5.txt	2
supplies	d5.txt	1
supply	d5.txt	1
supplyd	d5.txt	1
suppose	d5.txt	2
supposed	d5.txt	3
supposing	d5.txt	1
sure	d5.txt	7
surely	d5.txt	2
surest	d5.txt	1
surface	d5.txt	1
surpasses	d5.txt	1
surplice	d5.txt	1
surprise	d5.txt	1
surrounded	d5.txt	2
surrounding	d5.txt	2
survive	d5.txt	1
survived	d5.txt	1
suspicion	d5.txt	1
swallowed	d5.txt	1
swear	d5.txt	1
sylvester	d5.txt	1
sympathetic	d5.txt	1
system	d5.txt	2
t	d5.txt	1
table	d5.txt	7
tableau	d5.txt	1
tail	d5.txt	2
tails	d5.txt	1
taint	d5.txt	1
take	d5.txt	13
taken	d5.txt	14
takes	d5.txt	2
taking	d5.txt	1
tale	d5.txt	1
tales	d5.txt	1
talking	d5.txt	1
tall	d5.txt	1
tantalizing	d5.txt	1
tapering	d5.txt	1
tapers	d5.txt	1
taste	d5.txt	1
tasteless	d5.txt	1
taylor	d5.txt	1
teach	d5.txt	1
tear	d5.txt	2
tearing	d5.txt	2
tears	d5.txt	1
tedious	d5.txt	1
teem	d5.txt	1
teeth	d5.txt	1
tell	d5.txt	6
temper	d5.txt	2
temperate	d5.txt	1
tempers	d5.txt	2
temple	d5.txt	1
temptation	d5.txt	1
tempting	d5.txt	1
ten	d5.txt	9
tenant	d5.txt	1
tend	d5.txt	1
tended	d5.txt	2
tendencies	d5.txt	1
tenderness	d5.txt	1
term	d5.txt	1
termed	d5.txt	1
terminate	d5.txt	1
terminated	d5.txt	1
terrible	d5.txt	1
testamentyou	d5.txt	1
testify	d5.txt	1
testimony	d5.txt	1
text	d5.txt	4
texture	d5.txt	1
teylerian	d5.txt	1
than	d5.txt	30
thankful	d5.txt	2
thanks	d5.txt	1
that	d5.txt	150
thaw	d5.txt	1
the	d5.txt	1504
their	d5.txt	114
them	d5.txt	78
themboccaccios	d5.txt	1
themselves	d5.txt	9
then	d5.txt	36
thence	d5.txt	1
thenceforward	d5.txt	1
theological	d5.txt	1
there	d5.txt	53
thereby	d5.txt	2
therefor	d5.txt	1
therefore	d5.txt	4
theres	d5.txt	1
thereupon	d5.txt	1
therle	d5.txt	1
these	d5.txt	51
theurdanck	d5.txt	1
they	d5.txt	100
theyr	d5.txt	4
thick	d5.txt	5
thickness	d5.txt	1
thieves	d5.txt	1
thin	d5.txt	3
thing	d5.txt	2
things	d5.txt	6
think	d5.txt	9
thinking	d5.txt	1
thinned	d5.txt	1
thinner	d5.txt	1
thinstemmed	d5.txt	1
third	d5.txt	4
thirty	d5.txt	4
thirtyfive	d5.txt	1
thirtyone	d5.txt	1
this	d5.txt	90
thistheir	d5.txt	1
thomas	d5.txt	3
thonock	d5.txt	2
thorax	d5.txt	1
thorough	d5.txt	2
thoroughly	d5.txt	2
thos	d5.txt	1
those	d5.txt	22
thou	d5.txt	2
though	d5.txt	5
thought	d5.txt	8
thousand	d5.txt	1
thousands	d5.txt	7
thousandth	d5.txt	1
thrall	d5.txt	1
thread	d5.txt	1
three	d5.txt	23
threw	d5.txt	2
thro	d5.txt	1
through	d5.txt	23
throughout	d5.txt	8
throw	d5.txt	1
throwing	d5.txt	2
thrown	d5.txt	6
thumb	d5.txt	1
thumbnail	d5.txt	1
thus	d5.txt	13
thusin	d5.txt	1
thys	d5.txt	5
tidiedperhaps	d5.txt	1
tied	d5.txt	1
tightly	d5.txt	2
till	d5.txt	2
time	d5.txt	38
times	d5.txt	14
timesinstances	d5.txt	1
timestained	d5.txt	1
timethe	d5.txt	1
timmins	d5.txt	1
tinder	d5.txt	2
tired	d5.txt	1
tis	d5.txt	3
titels	d5.txt	1
title	d5.txt	8
titlepage	d5.txt	1
titlepages	d5.txt	2
titles	d5.txt	7
titlescolophons	d5.txt	1
to	d5.txt	536
tobacco	d5.txt	2
tobacconists	d5.txt	1
today	d5.txt	2
together	d5.txt	9
toils	d5.txt	2
told	d5.txt	5
tomb	d5.txt	1
tomicus	d5.txt	2
tomorrow	d5.txt	1
ton	d5.txt	1
tones	d5.txt	2
tongue	d5.txt	1
tons	d5.txt	1
too	d5.txt	32
took	d5.txt	16
tooling	d5.txt	1
tools	d5.txt	1
tooth	d5.txt	1
top	d5.txt	7
topbands	d5.txt	1
tops	d5.txt	2
topsold	d5.txt	1
torn	d5.txt	9
tortures	d5.txt	1
total	d5.txt	1
touch	d5.txt	1
touched	d5.txt	2
towards	d5.txt	4
town	d5.txt	5
towns	d5.txt	2
trace	d5.txt	2
tracey	d5.txt	1
tract	d5.txt	1
tractavit	d5.txt	1
tracts	d5.txt	3
tractscommonwealth	d5.txt	1
trade	d5.txt	4
tradesman	d5.txt	1
train	d5.txt	1
transferring	d5.txt	1
transformation	d5.txt	1
translated	d5.txt	2
translation	d5.txt	3
transmission	d5.txt	1
transparent	d5.txt	2
transport	d5.txt	1
travelled	d5.txt	1
travelling	d5.txt	1
treasure	d5.txt	4
treasures	d5.txt	13
treat	d5.txt	3
treated	d5.txt	3
treatises	d5.txt	2
treatment	d5.txt	5
trees	d5.txt	3
tremble	d5.txt	1
trials	d5.txt	1
tribunal	d5.txt	1
trod	d5.txt	2
trouble	d5.txt	3
trousers	d5.txt	1
trove	d5.txt	1
troy	d5.txt	1
troye	d5.txt	1
true	d5.txt	8
truly	d5.txt	1
trust	d5.txt	2
trustees	d5.txt	1
truth	d5.txt	2
try	d5.txt	1
tu	d5.txt	4
tub	d5.txt	1
tunnel	d5.txt	1
turk	d5.txt	1
turn	d5.txt	3
turned	d5.txt	6
turning	d5.txt	2
twelve	d5.txt	2
twenty	d5.txt	3
twice	d5.txt	1
two	d5.txt	34
twolegged	d5.txt	1
tyme	d5.txt	1
tymes	d5.txt	1
type	d5.txt	2
types	d5.txt	1
typographi	d5.txt	1
typographic	d5.txt	1
typographical	d5.txt	3
typographicushouse	d5.txt	1
typographus	d5.txt	2
typography	d5.txt	3
ugly	d5.txt	1
ultramontane	d5.txt	1
unable	d5.txt	3
unaccountable	d5.txt	1
unaccustomed	d5.txt	1
unacquainted	d5.txt	1
unalloyed	d5.txt	1
unbleached	d5.txt	1
unbound	d5.txt	2
unbounda	d5.txt	1
uncanny	d5.txt	1
uncared	d5.txt	1
unchecked	d5.txt	1
unctis	d5.txt	1
uncut	d5.txt	3
under	d5.txt	12
undergo	d5.txt	1
undergraduates	d5.txt	1
understanding	d5.txt	1
understood	d5.txt	1
undertaken	d5.txt	1
underwent	d5.txt	1
undeveloped	d5.txt	1
undiscovered	d5.txt	1
undre	d5.txt	1
uneasiness	d5.txt	1
unendowed	d5.txt	1
uneven	d5.txt	1
unfortunately	d5.txt	2
ungodlye	d5.txt	1
unhappy	d5.txt	1
unhealthy	d5.txt	1
unheeded	d5.txt	1
unilluminated	d5.txt	1
unimpeachable	d5.txt	1
uninitiated	d5.txt	1
uninjured	d5.txt	2
unintentionally	d5.txt	1
union	d5.txt	1
unique	d5.txt	5
unitarian	d5.txt	1
united	d5.txt	1
universally	d5.txt	1
universities	d5.txt	1
university	d5.txt	1
universytees	d5.txt	1
unknown	d5.txt	5
unlamented	d5.txt	1
unless	d5.txt	4
unlike	d5.txt	3
unloving	d5.txt	1
unluckely	d5.txt	1
unmercifully	d5.txt	1
unnatural	d5.txt	1
unnaturally	d5.txt	1
unnoticed	d5.txt	1
unopened	d5.txt	1
unpractised	d5.txt	1
unprotected	d5.txt	1
unregistered	d5.txt	1
unrest	d5.txt	1
unroll	d5.txt	1
unsafe	d5.txt	1
unseldom	d5.txt	1
unsightliness	d5.txt	1
until	d5.txt	8
untold	d5.txt	1
untouched	d5.txt	5
unusable	d5.txt	1
unusual	d5.txt	1
unvisited	d5.txt	1
unwholesome	d5.txt	1
unworthy	d5.txt	2
up	d5.txt	19
upas	d5.txt	1
upon	d5.txt	52
upper	d5.txt	2
upwards	d5.txt	1
urge	d5.txt	1
urged	d5.txt	1
us	d5.txt	10
use	d5.txt	12
used	d5.txt	26
useful	d5.txt	4
usefulness	d5.txt	1
useless	d5.txt	3
uselesspepysianteyleriansir	d5.txt	1
uses	d5.txt	1
ushered	d5.txt	1
using	d5.txt	1
usual	d5.txt	1
utility	d5.txt	1
utmost	d5.txt	1
utter	d5.txt	2
utterly	d5.txt	1
v	d5.txt	2
vague	d5.txt	1
vainthe	d5.txt	1
valance	d5.txt	1
valuable	d5.txt	11
valuableand	d5.txt	1
value	d5.txt	16
valued	d5.txt	2
valuethe	d5.txt	1
vandalism	d5.txt	1
vanderberg	d5.txt	5
vanity	d5.txt	1
vapour	d5.txt	2
variation	d5.txt	1
varied	d5.txt	1
varieties	d5.txt	4
variety	d5.txt	1
various	d5.txt	5
varying	d5.txt	3
vaults	d5.txt	1
vegetable	d5.txt	2
vegetates	d5.txt	1
vellum	d5.txt	6
velvet	d5.txt	1
vendor	d5.txt	2
venice	d5.txt	2
ventilation	d5.txt	3
ventilators	d5.txt	1
ventre	d5.txt	1
verify	d5.txt	1
vermin	d5.txt	3
verse	d5.txt	3
vertue	d5.txt	1
very	d5.txt	60
vessel	d5.txt	1
vessels	d5.txt	3
vestry	d5.txt	2
vi	d5.txt	2
vicar	d5.txt	1
vice	d5.txt	1
victim	d5.txt	2
victims	d5.txt	1
view	d5.txt	3
vignettes	d5.txt	1
vigour	d5.txt	1
vii	d5.txt	2
viii	d5.txt	2
vile	d5.txt	2
violently	d5.txt	1
virgil	d5.txt	1
virtue	d5.txt	1
visible	d5.txt	1
vision	d5.txt	1
visit	d5.txt	2
visitors	d5.txt	1
vital	d5.txt	1
vividly	d5.txt	1
viz	d5.txt	3
vol	d5.txt	1
volume	d5.txt	24
volumen	d5.txt	1
volumes	d5.txt	40
volumessome	d5.txt	1
voor	d5.txt	1
voracious	d5.txt	2
vows	d5.txt	1
vox	d5.txt	1
vulgar	d5.txt	1
vulpinus	d5.txt	1
w	d5.txt	3
wafted	d5.txt	1
wafts	d5.txt	1
waiting	d5.txt	1
walked	d5.txt	1
wall	d5.txt	2
walls	d5.txt	4
want	d5.txt	7
wanted	d5.txt	4
wanting	d5.txt	4
wants	d5.txt	1
war	d5.txt	2
warburton	d5.txt	1
warm	d5.txt	6
warmed	d5.txt	1
warmly	d5.txt	1
warmth	d5.txt	3
warning	d5.txt	1
was	d5.txt	183
washed	d5.txt	2
washing	d5.txt	1
washings	d5.txt	1
wasps	d5.txt	1
waste	d5.txt	5
wastepaper	d5.txt	1
wastepaper1	d5.txt	1
wasting	d5.txt	1
watch	d5.txt	1
water	d5.txt	16
waterhouse	d5.txt	1
waterpoet	d5.txt	1
way	d5.txt	11
ways	d5.txt	1
wc	d5.txt	1
wcgesta	d5.txt	1
we	d5.txt	36
weak	d5.txt	2
weakened	d5.txt	1
weakly	d5.txt	1
weakness	d5.txt	1
wealthy	d5.txt	2
weapon	d5.txt	1
wearisome	d5.txt	1
weather	d5.txt	5
weed	d5.txt	1
weeded	d5.txt	1
weeding	d5.txt	1
week	d5.txt	1
weeks	d5.txt	7
weigh	d5.txt	2
weighing	d5.txt	1
weight	d5.txt	5
welcome	d5.txt	1
well	d5.txt	24
wellbound	d5.txt	1
wellgilt	d5.txt	1
wellington	d5.txt	1
wellknown	d5.txt	11
wellshorn	d5.txt	1
went	d5.txt	6
werdet	d5.txt	2
werdets	d5.txt	1
were	d5.txt	111
west	d5.txt	1
westbrook	d5.txt	1
western	d5.txt	1
westminster	d5.txt	3
westminsterniptus	d5.txt	1
weston	d5.txt	1
wet	d5.txt	2
what	d5.txt	30
whatever	d5.txt	3
when	d5.txt	70
whence	d5.txt	2
whenever	d5.txt	1
where	d5.txt	35
whether	d5.txt	10
which	d5.txt	168
whiff	d5.txt	1
while	d5.txt	15
whipping	d5.txt	1
whit	d5.txt	1
white	d5.txt	11
whiteaproned	d5.txt	1
whiteness	d5.txt	1
who	d5.txt	53
whole	d5.txt	26
wholesale	d5.txt	1
wholesome	d5.txt	2
whom	d5.txt	5
whose	d5.txt	11
why	d5.txt	7
whych	d5.txt	1
whyche	d5.txt	3
wicked	d5.txt	1
widow	d5.txt	2
wife	d5.txt	1
wilkinson	d5.txt	2
will	d5.txt	53
william	d5.txt	1
willing	d5.txt	2
window	d5.txt	5
windows	d5.txt	3
windowsills	d5.txt	1
wineglass	d5.txt	1
wintertime	d5.txt	1
wipe	d5.txt	1
wiped	d5.txt	3
wiping	d5.txt	1
wirework	d5.txt	1
wisdom	d5.txt	4
wise	d5.txt	1
wiser	d5.txt	1
wish	d5.txt	2
wished	d5.txt	3
wishing	d5.txt	2
wit	d5.txt	3
witchcraft	d5.txt	1
with	d5.txt	146
within	d5.txt	2
without	d5.txt	21
witness	d5.txt	1
wives	d5.txt	1
woe	d5.txt	1
wolfenbuttel	d5.txt	3
women	d5.txt	2
womenfolk	d5.txt	1
wonder	d5.txt	3
wondered	d5.txt	1
wonderful	d5.txt	5
wonderfully	d5.txt	1
wondering	d5.txt	1
wonders	d5.txt	1
wonderynge	d5.txt	1
wont	d5.txt	3
wood	d5.txt	2
woodborers	d5.txt	1
woodcut	d5.txt	2
woodcuts	d5.txt	4
wooden	d5.txt	5
woods	d5.txt	1
word	d5.txt	2
worde	d5.txt	1
words	d5.txt	6
wordsworth	d5.txt	1
work	d5.txt	24
worked	d5.txt	2
working	d5.txt	3
workman	d5.txt	1
workmanship	d5.txt	1
workmen	d5.txt	1
workroom	d5.txt	1
works	d5.txt	9
workshop	d5.txt	1
world	d5.txt	9
worldly	d5.txt	1
worm	d5.txt	20
wormat	d5.txt	1
wormhavoc	d5.txt	1
wormhole	d5.txt	1
wormholes	d5.txt	1
worms	d5.txt	10
wormsbodleian	d5.txt	1
worries	d5.txt	1
worse	d5.txt	2
worship	d5.txt	3
worst	d5.txt	2
worth	d5.txt	10
worthless	d5.txt	2
worthy	d5.txt	1
would	d5.txt	39
wounded	d5.txt	2
wrap	d5.txt	2
wrath	d5.txt	1
wriggling	d5.txt	2
write	d5.txt	3
writers	d5.txt	4
writes	d5.txt	5
writing	d5.txt	5
writings	d5.txt	2
written	d5.txt	8
wrote	d5.txt	2
wynkyn	d5.txt	1
x	d5.txt	2
xci	d5.txt	1
xiith	d5.txt	1
ximenes	d5.txt	1
xix	d5.txt	1
xvth	d5.txt	1
xylographer	d5.txt	1
yards	d5.txt	1
ydleheaded	d5.txt	1
ye	d5.txt	3
yea	d5.txt	1
year	d5.txt	14
yeares	d5.txt	1
years	d5.txt	36
yes	d5.txt	9
yet	d5.txt	9
ynoughe	d5.txt	1
yoreworm	d5.txt	1
york	d5.txt	1
you	d5.txt	55
youd	d5.txt	1
young	d5.txt	3
youngest	d5.txt	1
your	d5.txt	33
yours	d5.txt	1
yourself	d5.txt	1
youthful	d5.txt	1
