Barry --> (PM,89) (COPT,100) (COC,74) (ADS,46)
Antil --> (TDD,67) (SLIP,40) (RTN,67) (IRR,56) (EXC,43) (DAPA,64) (BIO2,71) (AV,57) (AR,82)
Josh --> (IJP,89) (IAML,72) (EXC,94) (COC,49) (CCN,82) (BIO1,92) (ASR,61) (AR,84)
Andry --> (TTS,97) (RTN,53) (ES,98) (DISS,54) (AV,75)
Antle --> (TTS,51) (INF1-CG,93) (IAML,77) (CT,54)
Dasia --> (SLIP,64) (DMR,50) (DISS,64)
Ambrose --> (TTS,91) (TDD,53) (INF2D,55) (INF1-CG,77) (EXC,84) (DISS,76) (ASR,84)
Michael --> (IRP,81) (DAPA,90) (COC,77)
Sebastian --> (TDD,99) (INF2D,57) (CCN,86) (ADS,60)
Acock --> (IRP,77) (DMR,42) (BIO1,49) (AV,86) (AGTA,97) (ADS,70)
Annand --> (IJP,68) (DISS,97) (AR,97) (AGTA,92) (ADBS,55) (ABS,52)
Arkell --> (BIO2,99) (AV,81)
Ackerman --> (IAML,74) (DAPA,78) (AR,58) (ABS,83)
Ackley --> (TTS,84) (PPLS,80) (PM,61) (IRP,77) (AGTA,65) (ADBS,63)
Angleton --> (TDD,58) (RTN,72) (HCI,52) (BIO2,92) (AR,82) (ABS,45)
Allerton --> (CCN,64) (ANLP,71)
Ackland --> (IRP,85) (INF2D,81)
Finley --> (TDD,76) (INF1-CG,74) (EXC,51) (ES,96) (AGTA,88)
Airington --> (TTS,69) (SLIP,96) (IAML,90) (DAPA,97) (ADBS,60) (ABS,60)
Juliet --> (PPLS,99) (INF2D,54) (IAML,89) (ES,87) (BIO2,63) (ADS,80)
Alltop --> (INF2D,68)
Danna --> (PM,79) (NIP,80) (AV,90)
Aborn --> (DAPA,53)
Anslow --> (PM,40) (HCI,42) (COPT,87) (BIO1,86) (ASR,73) (AR,61)
Kaitlyn --> (CT,92) (BIO2,54) (ASR,96)
Arkell --> (IJP,73) (ASR,92) (AR,43) (ANLP,67)
Mason --> (PPLS,55) (COC,55) (CCN,73) (ADBS,61)
Applewhite --> (TTS,52) (IRP,93) (ES,95)
Harvey --> (IRP,66)
Adderly --> (TDD,53) (NIP,63) (INF2D,62) (HCI,79) (ES,97) (BIO1,42) (ASR,54)
Darlene --> (TDD,56) (PPLS,91) (INF2D,86) (EXC,57) (COC,85) (ASR,78)
Allred --> (RTN,47) (ADS,72)
Ager --> (INF2D,96) (INF1-CG,76) (DMR,85) (COC,81)
Benjamin --> (IAML,82)
Alley --> (TDD,62) (DISS,100) (DAPA,73)
Ailey --> (TDD,82) (PM,62) (IRP,58) (IJP,96) (HCI,51) (DISS,43) (BIO1,82)
Allie --> (TTS,72) (PPLS,76)
Acre --> (RTN,98) (PPLS,68) (DISS,48)
Angevine --> (DAPA,62)
Angel --> (DMR,61) (DAPA,96) (COPT,40) (ADBS,56)
Jay --> (IJP,43)
Andrew --> (ES,72) (ASR,83)
Ament --> (AV,71)
Archey --> (PM,53) (NIP,61) (IAML,96)
Allford --> (IAML,87) (BIO2,88) (ANLP,73)
Blake --> (CT,87) (CCN,60)
Ancell --> (TTS,98) (TDD,42)
Kailey --> (ANLP,90)
Addy --> (TDD,73) (BIO1,78)
Angleton --> (BIO2,97)
Bevis --> (TDD,92) (EXC,68) (AGTA,66)
Kalyn --> (TTS,67) (NIP,54) (IJP,87) (ES,89) (DAPA,55) (COPT,85)
Amory --> (PPLS,53)
Bartholomew --> (INF1-CG,86) (DISS,52) (ANLP,72)
Allanson --> (IAML,71)
Oscar --> (PM,64) (DISS,44) (COPT,74) (ABS,67)
Alman --> (TDD,80) (SLIP,79) (IRP,96) (ES,66) (ASR,47) (ADS,99)
Anable --> (IRP,92) (COC,56) (BIO1,66)
Anthony --> (INF1-CG,86) (IJP,87) (DISS,82) (ANLP,61)
Alders --> (TTS,49) (INF1-CG,53) (IJP,54) (CT,70) (COC,93)
Delilah --> (DMR,74) (DISS,66) (CCN,78)
Allums --> (TDD,92)
Ady --> (IRR,77)
Alcock --> (TDD,76) (BIO2,100)
Corinne --> (RTN,96) (INF1-CG,87) (BIO1,89) (ABS,59)
Angevine --> (SLIP,95) (INF2D,72) (ES,58) (DAPA,95) (BIO2,76) (ABS,78)
Alloway --> (CCN,50) (ADS,89)
Kyle --> (SLIP,51)
Deasia --> (IJP,77) (ANLP,54) (AGTA,65)
Ale --> (SLIP,64)
Arch --> (PPLS,91) (IRP,50) (IAML,97)
Annable --> (PM,50) (BIO1,96) (ADS,41) (ABS,84)
Arling --> (SLIP,41) (RTN,64) (NIP,49) (INF1-CG,70) (CT,41) (AR,71)
Spencer --> (TTS,63) (INF2D,70) (ADS,92)
Allgood --> (ADBS,76)
Alison --> (IAML,61) (EXC,61)
Finley --> (TTS,43) (BIO1,100) (ASR,62)
Adkins --> (NIP,88) (DAPA,68)
Jude --> (DAPA,94) (CCN,63) (BIO2,99) (BIO1,79)
Archdeacon --> (TDD,70) (PPLS,54)
Agar --> (TTS,78) (NIP,69) (CT,44) (COC,65) (CCN,92)
Anchors --> (RTN,87) (DAPA,50)
Alred --> (NIP,50)
Kaleigh --> (TDD,54) (INF2D,70) (BIO1,54) (ANLP,97)
Albany --> (TTS,58) (ANLP,68) (ABS,42)
Addington --> (DAPA,87) (AR,98)
Apling --> (TTS,54)
Cristal --> (PPLS,82)
Apley --> (IRR,62) (DISS,45) (COPT,91) (AV,50) (AR,61)
Ackers --> (BIO1,94) (AR,71)
Argent --> (SLIP,90) (ASR,68)
Ann --> (NIP,65)
Alban --> (DMR,50) (DAPA,62)
Ansted --> (TTS,97) (TDD,51) (DISS,54)
Claudia --> (TDD,63) (ES,64) (ABS,92)
Ake --> (COPT,71)
Amison --> (RTN,88) (HCI,51) (DAPA,94)
Oliver --> (IRP,43) (ES,77) (DMR,68) (COC,84)
Akerley --> (EXC,84)
Agar --> (AV,85) (ASR,70) (ABS,94)
Kamryn --> (INF2D,50) (DMR,87) (DAPA,80) (ANLP,98)
Leo --> (BIO1,98)
Adrian --> (IJP,40) (HCI,40) (ABS,41)
Darby --> (INF1-CG,70)
Annand --> (TDD,69) (IRR,71) (IRP,75) (EXC,74) (BIO1,40)
Kacie --> (IRR,57)
Ailey --> (IRP,95) (EXC,82)
Alton --> (TDD,73) (HCI,86) (ADS,62)
Finlay --> (COPT,44) (ADS,91)
Abram --> (AR,46)
Leon --> (CT,52)
Aldredge --> (IRR,56)
Crystal --> (DISS,63)
Abbitt --> (PM,72) (NIP,99) (ANLP,82)
Agard --> (TDD,81) (BIO1,65) (AGTA,78)
Sebastian --> (IJP,68) (BIO2,54)
Kieran --> (ES,99)
Cristal --> (NIP,59) (IRP,91) (DISS,54) (ABS,88)
Kalyn --> (INF1-CG,80) (AV,97) (ANLP,68)
Logan --> (TTS,75)
Anchors --> (TTS,65) (EXC,59) (ADS,83)
Allin --> (PPLS,73) (DAPA,72) (BIO2,100)
Mason --> (PM,91) (ANLP,81)
Alfrey --> (ES,45)
Allred --> (IRR,100) (DISS,79)
Angers --> (INF2D,97) (COC,75) (ASR,46) (ANLP,74)
Colleen --> (BIO2,66)
Akin --> (TTS,68) (IJP,75) (CCN,48) (ANLP,51) (ADS,83)
Allis --> (RTN,48) (INF1-CG,63) (EXC,82) (COPT,46)
Anson --> (ANLP,74) (AGTA,75)
Ansley --> (ANLP,78) (ABS,98)
Alban --> (IJP,63) (ANLP,100)
Akey --> (IRP,47) (ABS,58)
Algood --> (TTS,65)
Alward --> (DAPA,65)
Angleton --> (PPLS,54) (HCI,74) (CT,57) (ADS,43)
Bowen --> (PPLS,44) (ES,88) (ASR,69) (AR,53) (ADS,50) (ABS,65)
Michael --> (TDD,56) (PM,55) (DAPA,85)
Kaelyn --> (NIP,64) (HCI,41)
Alvey --> (COC,95)
Abbey --> (TTS,64) (COPT,63) (BIO2,87) (ADBS,73)
Basil --> (IRP,95) (CT,78) (AGTA,60) (ADBS,84)
Adley --> (TTS,41) (CCN,60)
Acre --> (BIO2,51)
Finlay --> (HCI,41) (CCN,70)
Ann --> (AV,74)
Ailstock --> (TTS,60) (HCI,64)
Allee --> (EXC,75) (DISS,92)
Alway --> (AGTA,92) (ABS,52)
Alvis --> (INF2D,75) (COC,91)
Kaley --> (TTS,87) (EXC,42) (ADS,63)
Allyn --> (INF2D,82) (AR,65)
Arber --> (INF2D,67)
Alls --> (AV,92) (ASR,98)
Ailes --> (AV,61)
Alday --> (AV,51) (AGTA,58)
Alley --> (INF1-CG,75) (BIO1,81)
Darlene --> (PPLS,64) (COC,83)
Amerson --> (IAML,57) (ES,51) (DMR,73) (COC,79) (BIO1,40)
Aborn --> (EXC,57) (DISS,54) (BIO1,50) (ASR,83)
Aley --> (ADBS,61) (ABS,99)
Ace --> (CT,94)
Argent --> (INF2D,69)
Alcock --> (HCI,97) (BIO2,60)
Ailey --> (TTS,46) (HCI,51)
Baron --> (PPLS,75) (IJP,50)
Alvord --> (TTS,50) (TDD,95) (DMR,44) (BIO1,41)
James --> (PPLS,42)
Akes --> (HCI,85) (CT,53) (ASR,95)
Harry --> (AV,44) (AGTA,58)
Alvord --> (RTN,40)
Angel --> (COPT,83) (BIO1,85)
Alvis --> (IRP,87) (INF2D,50) (AV,59)
Aney --> (NIP,54)
Patrick --> (CT,61) (COC,55)
Danna --> (TTS,55) (RTN,56) (DISS,64) (AGTA,95)
Adkinson --> (PM,72)
Ammon --> (INF2D,98) (EXC,91) (ADS,83) (ABS,74)
Allington --> (HCI,86) (CT,61) (AV,70)
Benedict --> (INF1-CG,74) (BIO1,87) (AGTA,94)
Dayana --> (NIP,57) (COC,83) (ADBS,57)
Alday --> (DMR,96)
Allred --> (DMR,63)
Amason --> (TTS,100) (IRR,55) (IJP,99) (IAML,92) (ASR,68)
Adley --> (BIO2,47) (AR,41)
Finley --> (EXC,53) (DISS,60)
Acomb --> (AV,53)
Bernard --> (ABS,66)
Anness --> (IAML,55) (HCI,96)
Allsop --> (DAPA,81)
Alvin --> (HCI,61)
Adcock --> (INF2D,86) (CCN,52)
Allums --> (RTN,68) (DAPA,62)
Braden --> (IRP,40) (ES,89)
Andrew --> (AR,52)
Allinson --> (IRP,91) (HCI,85)
Joel --> (BIO2,81)
Alders --> (AR,68)
Kaia --> (HCI,97)
Adrian --> (ANLP,72)
Kallie --> (TTS,74) (DMR,66) (DISS,90)
John --> (AGTA,55)
Anctil --> (PM,89) (NIP,81) (IRP,63) (AR,85) (ADBS,47)
Bowen --> (COC,99)
Ailstock --> (DISS,84) (CCN,41) (ADS,68)
Annas --> (NIP,92) (ADBS,76)
Able --> (CCN,44)
Acklin --> (AR,69) (ADS,77)
Acomb --> (AR,40) (AGTA,92) (ADBS,40)
Abby --> (RTN,100) (IJP,55) (DMR,57) (DISS,54) (AR,44)
Ace --> (NIP,89) (INF1-CG,100)
Benjamin --> (TTS,71) (RTN,52) (INF2D,75) (ANLP,55)
Age --> (IJP,58)
Delaney --> (RTN,80) (AR,40)
Ament --> (RTN,56) (ANLP,93)
Daisy --> (INF2D,51) (ADS,61)
Kallie --> (CCN,80) (AGTA,79)
George --> (IRP,56) (INF1-CG,72) (AV,62)
Dana --> (AGTA,45)
James --> (ABS,66)
Alsbrook --> (INF1-CG,53) (IJP,51)
Alfred --> (TDD,73) (INF2D,88) (HCI,80) (ADBS,64)
Alsobrook --> (DMR,87) (COC,40)
Adrian --> (COPT,49) (ADS,48)
Alton --> (PM,60)
Julianna --> (AV,66)
Adkins --> (PPLS,85) (ASR,74)
Annas --> (TDD,99)
Agate --> (NIP,79) (IJP,87) (ANLP,75)
Appleyard --> (NIP,87) (EXC,40) (COPT,77)
Angleton --> (ES,87) (BIO2,96)
Delilah --> (CCN,74)
Joshua --> (ABS,58)
Julianna --> (COC,95)
Acton --> (NIP,67)
Acre --> (RTN,91) (ADS,58)
Anable --> (PM,78) (COPT,100)
Delilah --> (AV,90) (AR,99) (AGTA,78)
Akey --> (ASR,73)
Annis --> (IAML,79) (DMR,51)
Age --> (INF2D,51) (INF1-CG,97) (HCI,73)
Deja --> (IRR,84)
Barry --> (HCI,95) (COPT,52)
Amey --> (HCI,71) (COPT,45)
Alleyne --> (PPLS,76)
Antcliff --> (RTN,84)
Andry --> (INF1-CG,96)
Joyce --> (ASR,87)
Arington --> (HCI,54)
Alfrey --> (TTS,52) (COPT,57)
Liam --> (TTS,49)
Ally --> (TTS,65) (COC,46)
Arendale --> (TTS,53) (IRR,93)
Kali --> (INF2D,87) (INF1-CG,65)
Kaitlynn --> (IRP,82)
Agers --> (TDD,83) (DMR,90)
Kian --> (CT,86) (AR,49)
Aldis --> (PM,57) (HCI,46) (BIO2,77) (ASR,68)
Ammon --> (IJP,88)
Angley --> (BIO2,65)
Dylan --> (NIP,92)
Brandan --> (NIP,86)
Deanna --> (IRP,82) (INF1-CG,59) (DAPA,82) (COC,64)
Ament --> (DISS,96)
Dania --> (SLIP,51)
Joseph --> (TTS,62) (IAML,98) (HCI,94)
Amber --> (CCN,58) (AV,47)
Aldred --> (IRP,79)
Adcox --> (SLIP,85)
Addington --> (INF1-CG,64)
Amerson --> (RTN,41) (IRP,66)
Ambler --> (ADS,49)
Joshua --> (IJP,83)
Alcock --> (AGTA,91)
Appleby --> (ADBS,61)
Annear --> (IRP,70) (DMR,85)
Ellis --> (IAML,61)
Bradley --> (ES,65)
Deasia --> (ANLP,44)
Dayana --> (IRP,56)
Allport --> (DISS,90)
Allan --> (AV,94)
Allread --> (IJP,47)
Abbs --> (DAPA,88)
Jay --> (NIP,52) (HCI,61) (EXC,94)
Abramson --> (ES,58)
Reece --> (PPLS,62) (CT,78)
Arendale --> (PPLS,86) (IRR,40) (ASR,60)
Albro --> (IRR,42)
Liam --> (ES,54)
Alliston --> (BIO2,59)
Finley --> (ABS,42)
Albin --> (DISS,94)
Joshua --> (NIP,75) (EXC,78) (AGTA,75)
Applin --> (IJP,44) (ASR,75)
Matthew --> (DAPA,75) (BIO2,56)
Angwin --> (ABS,44)
Agers --> (TDD,69)
Kaley --> (TDD,82) (BIO2,100)
Delaney --> (INF1-CG,69) (AGTA,86)
Acton --> (AR,47)
Kaela --> (IRR,45) (INF1-CG,87)
Anger --> (HCI,65)
Andrews --> (TTS,56) (AR,59)
Appleberry --> (SLIP,74) (IAML,60) (AV,63)
Ackers --> (PM,77) (BIO2,51)
Leo --> (TTS,77)
Abbitt --> (PPLS,59)
Anstey --> (ES,79) (BIO2,93)
Aney --> (INF1-CG,63) (EXC,60)
Leon --> (TTS,74)
Arlington --> (SLIP,89) (IRR,73)
Amason --> (IAML,58) (ADBS,40)
Ady --> (COC,86)
Addis --> (CT,61)
Andrew --> (IRP,84) (BIO2,71)
Algood --> (INF2D,91)
Cristina --> (EXC,88)
Finley --> (AGTA,70)
Tyler --> (TDD,98)
Barrett --> (COC,43)
Joshua --> (AR,77)
Andros --> (TDD,61)
Afton --> (INF1-CG,94)
Taylor --> (PM,100)
Agate --> (INF1-CG,83) (DMR,86)
Allie --> (IJP,94)
Annas --> (TTS,66) (IRR,61) (ES,93) (AGTA,49)
Sean --> (DAPA,52)
Arden --> (ADS,89)
Acock --> (PPLS,50)
Arbon --> (DAPA,49)
Albany --> (DMR,94)
Abney --> (AGTA,88) (ABS,65)
Ammon --> (ADBS,63)
Akey --> (SLIP,93) (ES,45)
Akerley --> (TTS,54) (INF1-CG,95)
Ackerman --> (BIO1,80) (ABS,79)
Allender --> (ANLP,60)
Courtney --> (SLIP,69)
Apple --> (COC,85)
Adkins --> (NIP,98)
Leo --> (INF2D,87) (IAML,94) (ES,40) (ADS,89)
Sam --> (DISS,67)
Damaris --> (INF1-CG,97) (AGTA,74)
Ackers --> (AGTA,78)
Albert --> (CT,45)
Ake --> (ES,48)
Ellis --> (COC,80)
Ancell --> (IAML,81) (ADBS,74)
Alcott --> (TDD,67) (ADBS,67)
Aldous --> (IAML,49) (DMR,100)
Adey --> (ASR,53)
Appling --> (IJP,92)
Acey --> (RTN,93)
Allen --> (COC,43)
Alworth --> (NIP,63) (INF1-CG,74)
Aduddell --> (INF2D,67) (AR,72)
Alwin --> (SLIP,74) (EXC,59) (BIO2,48)
Alston --> (ABS,66)
Allsbrook --> (CT,79) (ASR,55)
Albin --> (SLIP,98) (AGTA,85)
Ethan --> (CT,41) (AR,43)
Ryan --> (TDD,54) (IRP,74)
Alsobrook --> (NIP,83)
Amesbury --> (TTS,77)
Allsup --> (IJP,98)
Elliot --> (INF1-CG,69)
Dana --> (SLIP,50)
Appleberry --> (DISS,57) (DAPA,40)
Anne --> (SLIP,94) (IRR,98)
Claudia --> (SLIP,84) (DMR,97)
Ackerly --> (ABS,53)
Ammon --> (AV,66)
Archer --> (BIO1,75) (ADS,62)
Lewis --> (CCN,95)
Anguish --> (NIP,99)
Allison --> (INF2D,60)
Allyn --> (IRP,51) (COPT,91)
Amor --> (BIO1,97) (AV,67)
Kamryn --> (DAPA,71)
Kyle --> (TDD,99) (COPT,60) (AGTA,44)
Appleberry --> (BIO1,83)
Ansell --> (COC,62)
Angley --> (DISS,81) (ANLP,54)
Acton --> (ES,100) (DMR,88) (AV,45)
Jonathan --> (AR,90)
Addicott --> (INF2D,51) (COC,78)
Thomas --> (COC,50)
Ambrose --> (BIO1,44)
Alsip --> (SLIP,89)
Tyler --> (CCN,47)
Dasia --> (ADS,58)
Braden --> (HCI,75)
Ryan --> (CT,47)
Bernard --> (COPT,42)
Angley --> (ES,51)
Samuel --> (IJP,40)
Daisy --> (BIO1,87)
John --> (PPLS,50)
Alling --> (CCN,63) (BIO1,61)
Harvey --> (CT,49)
Allred --> (EXC,58) (DMR,59) (COPT,85) (AGTA,54) (ADBS,82)
Alcock --> (EXC,59)
Abbot --> (PPLS,98)
Acuff --> (INF1-CG,42) (AR,76)
Kyle --> (EXC,87) (DISS,41) (ASR,64)
Finley --> (DMR,79)
Arendale --> (DMR,46)
Appleberry --> (CCN,44)
Finley --> (IAML,57)
Allford --> (RTN,58) (ASR,46) (AR,82)
Dakota --> (TTS,79) (IRP,45)
Kailey --> (PM,80)
Barclay --> (DMR,76)
Antley --> (DMR,67)
Allard --> (AGTA,87)
Logan --> (IRR,96)
Cora --> (TDD,79) (PPLS,81)
Anchors --> (HCI,75)
Alvin --> (AR,41)
Kaila --> (ES,51) (CCN,64)
Jacob --> (ES,82) (COC,95)
Allman --> (SLIP,79)
Allston --> (CCN,92)
Damaris --> (TTS,54)
Acklin --> (TTS,100) (AGTA,84)
Daisy --> (IJP,96)
Baron --> (EXC,47)
Angel --> (ADBS,66)
Delaney --> (EXC,41)
Colleen --> (BIO1,46)
Amos --> (COPT,58)
Adgate --> (DAPA,84)
Reece --> (TTS,82)
Allport --> (NIP,89)
Ammon --> (TTS,61) (DMR,60) (BIO1,89)
Allsopp --> (BIO1,99)
Amber --> (IRP,75)
Ackerman --> (COPT,65)
Sebastian --> (INF2D,66)
Danielle --> (IRP,57)
Allnutt --> (TTS,45)
Ager --> (SLIP,86) (IRR,73) (ADS,80)
Alleyne --> (PPLS,72)
Alsop --> (TTS,55)
Akers --> (TDD,85) (INF1-CG,82)
Jordan --> (CT,65)
Acock --> (COPT,58)
Alridge --> (AGTA,68)
Aguillard --> (IJP,66)
Bernard --> (TTS,82) (AV,54)
Alberts --> (BIO2,56)
Julianna --> (COC,59)
Finlay --> (INF2D,62)
Arden --> (INF2D,83)
Acker --> (AR,68)
Bevis --> (ES,80)
Arkwright --> (BIO1,76)
Alway --> (TTS,73)
Alligood --> (ANLP,46)
Allread --> (AR,78)
Alleyne --> (TDD,86)
Kalyn --> (PM,50)
Jamie --> (IJP,52)
Josh --> (ADS,50)
Elliot --> (PPLS,79)
Allis --> (PM,100)
Ackerly --> (PPLS,52)
Joyce --> (IJP,68)
Antill --> (PM,48)
Spencer --> (DAPA,41)
Akin --> (HCI,80) (COC,87)
Ethan --> (ADBS,54)
Amor --> (BIO1,40)
Allison --> (CT,88)
Alderson --> (ASR,72)
Antley --> (IAML,98) (ABS,62)
Argent --> (AGTA,68)
Arington --> (NIP,55)
Allam --> (IJP,87)
Darlene --> (AR,60)
Alkins --> (IRP,75)
Kaela --> (PM,55) (IAML,65)
Kaitlyn --> (ES,52)
Anable --> (IAML,89)
Ailstock --> (PPLS,45)
Juliet --> (SLIP,65)
Andrus --> (RTN,97)
Angle --> (ADS,55)
Anderton --> (COC,67)
Acuff --> (ES,91)
Addison --> (IJP,68)
Louis --> (TTS,55)
Ackroyd --> (IRP,83)
Allston --> (NIP,91) (DAPA,93)
Allee --> (TDD,67) (IRP,78)
Bradley --> (ABS,71)
Louis --> (EXC,53)
Allston --> (INF1-CG,97)
Allwood --> (PM,69)
Abramson --> (DAPA,62)
Abby --> (BIO1,91)
