Liam --> (ES,54)	
Barry --> (COPT,100) (ADS,46) (COC,74) (PM,89)	
Alliston --> (BIO2,59)	
Reece --> (PPLS,62) (CT,78)	
Arendale --> (IRR,40) (ASR,60) (PPLS,86)	
Albro --> (IRR,42)	
Andrus --> (RTN,97)	
Angle --> (ADS,55)	
Allford --> (ASR,46) (RTN,58) (AR,82)	
Bevis --> (ES,80)	
Acker --> (AR,68)	
Arden --> (INF2D,83)	
Finlay --> (INF2D,62)	
Anchors --> (HCI,75)	
Ackerly --> (PPLS,52)	
Agers --> (DMR,90) (TDD,83)	
Kali --> (INF1-CG,65) (INF2D,87)	
Kaitlynn --> (IRP,82)	
Arendale --> (IRR,93) (TTS,53)	
Liam --> (TTS,49)	
Ally --> (TTS,65) (COC,46)	
Arington --> (HCI,54)	
Alfrey --> (TTS,52) (COPT,57)	
Allred --> (DMR,63)	
Alday --> (DMR,96)	
Dakota --> (IRP,45) (TTS,79)	
Allington --> (CT,61) (AV,70) (HCI,86)	
Dayana --> (ADBS,57) (COC,83) (NIP,57)	
Benedict --> (AGTA,94) (BIO1,87) (INF1-CG,74)	
Danna --> (DISS,64) (AGTA,95) (TTS,55) (RTN,56)	
Patrick --> (COC,55) (CT,61)	
Ammon --> (EXC,91) (ADS,83) (INF2D,98) (ABS,74)	
Adkinson --> (PM,72)	
Acre --> (RTN,91) (ADS,58)	
Anable --> (PM,78) (COPT,100)	
Delilah --> (AR,99) (AV,90) (AGTA,78)	
Akey --> (ASR,73)	
Annis --> (IAML,79) (DMR,51)	
Age --> (HCI,73) (INF2D,51) (INF1-CG,97)	
Amor --> (BIO1,97) (AV,67)	
Kamryn --> (DAPA,71)	
Kyle --> (TDD,99) (AGTA,44) (COPT,60)	
Allison --> (INF2D,60)	
Allyn --> (COPT,91) (IRP,51)	
Barclay --> (DMR,76)	
Adkins --> (NIP,98)	
Apple --> (COC,85)	
Ackerman --> (BIO1,80) (ABS,79)	
Akerley --> (INF1-CG,95) (TTS,54)	
Courtney --> (SLIP,69)	
Allender --> (ANLP,60)	
Adrian --> (IJP,40) (ABS,41) (HCI,40)	
Darby --> (INF1-CG,70)	
Amison --> (RTN,88) (HCI,51) (DAPA,94)	
Oliver --> (DMR,68) (ES,77) (IRP,43) (COC,84)	
Ake --> (COPT,71)	
Kamryn --> (DAPA,80) (DMR,87) (ANLP,98) (INF2D,50)	
Leo --> (BIO1,98)	
Akerley --> (EXC,84)	
Agar --> (ASR,70) (ABS,94) (AV,85)	
Angel --> (DMR,61) (ADBS,56) (COPT,40) (DAPA,96)	
Angevine --> (DAPA,62)	
Benjamin --> (IAML,82)	
Ager --> (INF2D,96) (INF1-CG,76) (COC,81) (DMR,85)	
Allred --> (RTN,47) (ADS,72)	
Darlene --> (ASR,78) (COC,85) (PPLS,91) (EXC,57) (INF2D,86) (TDD,56)	
Acre --> (RTN,98) (PPLS,68) (DISS,48)	
Allie --> (PPLS,76) (TTS,72)	
Ailey --> (IRP,58) (TDD,82) (PM,62) (HCI,51) (IJP,96) (BIO1,82) (DISS,43)	
Alley --> (DAPA,73) (DISS,100) (TDD,62)	
Angel --> (ADBS,66)	
Baron --> (EXC,47)	
Colleen --> (BIO1,46)	
Delaney --> (EXC,41)	
Akey --> (ES,45) (SLIP,93)	
Ammon --> (ADBS,63)	
Albany --> (DMR,94)	
Abney --> (AGTA,88) (ABS,65)	
Arbon --> (DAPA,49)	
Acock --> (PPLS,50)	
Abramson --> (ES,58)	
Jay --> (HCI,61) (EXC,94) (NIP,52)	
Allan --> (AV,94)	
Allport --> (DISS,90)	
Abbs --> (DAPA,88)	
Allread --> (IJP,47)	
Bradley --> (ES,65)	
Dayana --> (IRP,56)	
Deasia --> (ANLP,44)	
Apling --> (TTS,54)	
Ambrose --> (TDD,53) (INF2D,55) (EXC,84) (TTS,91) (DISS,76) (ASR,84) (INF1-CG,77)	
Claudia --> (ES,64) (ABS,92) (TDD,63)	
Ansted --> (TTS,97) (TDD,51) (DISS,54)	
Cristal --> (PPLS,82)	
Ackers --> (AR,71) (BIO1,94)	
Apley --> (IRR,62) (AR,61) (DISS,45) (AV,50) (COPT,91)	
Argent --> (ASR,68) (SLIP,90)	
Alban --> (DMR,50) (DAPA,62)	
Ann --> (NIP,65)	
Joyce --> (IJP,68)	
Antill --> (PM,48)	
Samuel --> (IJP,40)	
Angley --> (ES,51)	
Ryan --> (CT,47)	
Bernard --> (COPT,42)	
Delaney --> (RTN,80) (AR,40)	
Ament --> (ANLP,93) (RTN,56)	
Ace --> (INF1-CG,100) (NIP,89)	
Benjamin --> (TTS,71) (INF2D,75) (RTN,52) (ANLP,55)	
Age --> (IJP,58)	
Acklin --> (AR,69) (ADS,77)	
Acomb --> (ADBS,40) (AGTA,92) (AR,40)	
Abby --> (RTN,100) (DISS,54) (AR,44) (DMR,57) (IJP,55)	
Antil --> (DAPA,64) (AR,82) (SLIP,40) (BIO2,71) (EXC,43) (AV,57) (TDD,67) (IRR,56) (RTN,67)	
Bowen --> (ES,88) (ASR,69) (PPLS,44) (ABS,65) (ADS,50) (AR,53)	
Michael --> (PM,55) (DAPA,85) (TDD,56)	
Alward --> (DAPA,65)	
Angleton --> (PPLS,54) (CT,57) (ADS,43) (HCI,74)	
Akey --> (IRP,47) (ABS,58)	
Algood --> (TTS,65)	
Ansley --> (ANLP,78) (ABS,98)	
Alban --> (ANLP,100) (IJP,63)	
Jacob --> (COC,95) (ES,82)	
Kaila --> (ES,51) (CCN,64)	
Allman --> (SLIP,79)	
Kaelyn --> (HCI,41) (NIP,64)	
Alvey --> (COC,95)	
Ackerly --> (ABS,53)	
Ammon --> (AV,66)	
Archer --> (ADS,62) (BIO1,75)	
Anguish --> (NIP,99)	
Lewis --> (CCN,95)	
Allnutt --> (TTS,45)	
Ager --> (IRR,73) (ADS,80) (SLIP,86)	
Colleen --> (BIO2,66)	
Angers --> (ASR,46) (COC,75) (ANLP,74) (INF2D,97)	
Allred --> (DISS,79) (IRR,100)	
Akin --> (ADS,83) (IJP,75) (ANLP,51) (CCN,48) (TTS,68)	
Ethan --> (AR,43) (CT,41)	
Ryan --> (TDD,54) (IRP,74)	
Anson --> (AGTA,75) (ANLP,74)	
Allis --> (EXC,82) (RTN,48) (COPT,46) (INF1-CG,63)	
Albin --> (AGTA,85) (SLIP,98)	
Kaitlyn --> (BIO2,54) (ASR,96) (CT,92)	
Arkell --> (ASR,92) (ANLP,67) (IJP,73) (AR,43)	
Mason --> (COC,55) (ADBS,61) (PPLS,55) (CCN,73)	
Applewhite --> (TTS,52) (ES,95) (IRP,93)	
Alltop --> (INF2D,68)	
Danna --> (PM,79) (AV,90) (NIP,80)	
Aborn --> (DAPA,53)	
Anslow --> (COPT,87) (PM,40) (ASR,73) (HCI,42) (BIO1,86) (AR,61)	
Harvey --> (IRP,66)	
Adderly --> (INF2D,62) (ASR,54) (ES,97) (HCI,79) (TDD,53) (BIO1,42) (NIP,63)	
Tyler --> (TDD,98)	
Finley --> (AGTA,70)	
Cristina --> (EXC,88)	
Algood --> (INF2D,91)	
Andrew --> (BIO2,71) (IRP,84)	
Allston --> (INF1-CG,97)	
Barrett --> (COC,43)	
Ackers --> (BIO2,51) (PM,77)	
Anderton --> (COC,67)	
Anger --> (HCI,65)	
Andrews --> (AR,59) (TTS,56)	
Appleberry --> (AV,63) (IAML,60) (SLIP,74)	
Alberts --> (BIO2,56)	
Julianna --> (COC,59)	
Bernard --> (TTS,82) (AV,54)	
Leon --> (TTS,74)	
Amason --> (ADBS,40) (IAML,58)	
Arlington --> (SLIP,89) (IRR,73)	
Agar --> (CCN,92) (TTS,78) (COC,65) (CT,44) (NIP,69)	
Anchors --> (RTN,87) (DAPA,50)	
Addis --> (CT,61)	
Ady --> (COC,86)	
Albany --> (ABS,42) (TTS,58) (ANLP,68)	
Alred --> (NIP,50)	
Kaleigh --> (TDD,54) (INF2D,70) (BIO1,54) (ANLP,97)	
Kaela --> (IAML,65) (PM,55)	
Alkins --> (IRP,75)	
Darlene --> (AR,60)	
Kaitlyn --> (ES,52)	
Michael --> (COC,77) (DAPA,90) (IRP,81)	
Allard --> (AGTA,87)	
Appleberry --> (CCN,44)	
Finley --> (IAML,57)	
Arendale --> (DMR,46)	
Finley --> (DMR,79)	
Dana --> (AGTA,45)	
Alsbrook --> (INF1-CG,53) (IJP,51)	
James --> (ABS,66)	
Daisy --> (ADS,61) (INF2D,51)	
George --> (IRP,56) (INF1-CG,72) (AV,62)	
Kallie --> (CCN,80) (AGTA,79)	
Alfred --> (HCI,80) (ADBS,64) (INF2D,88) (TDD,73)	
Allston --> (CCN,92)	
Acklin --> (AGTA,84) (TTS,100)	
Damaris --> (TTS,54)	
Leo --> (ADS,89) (ES,40) (INF2D,87) (IAML,94)	
Sam --> (DISS,67)	
Damaris --> (AGTA,74) (INF1-CG,97)	
Ackers --> (AGTA,78)	
Baron --> (PPLS,75) (IJP,50)	
Ailey --> (TTS,46) (HCI,51)	
Alcock --> (BIO2,60) (HCI,97)	
Argent --> (INF2D,69)	
Ace --> (CT,94)	
Aley --> (ABS,99) (ADBS,61)	
Aborn --> (EXC,57) (ASR,83) (BIO1,50) (DISS,54)	
Amerson --> (COC,79) (ES,51) (IAML,57) (BIO1,40) (DMR,73)	
Darlene --> (COC,83) (PPLS,64)	
Reece --> (TTS,82)	
Abramson --> (DAPA,62)	
Akes --> (CT,53) (ASR,95) (HCI,85)	
Harry --> (AGTA,58) (AV,44)	
Alvord --> (TTS,50) (BIO1,41) (DMR,44) (TDD,95)	
James --> (PPLS,42)	
Angel --> (BIO1,85) (COPT,83)	
Alvord --> (RTN,40)	
Alvis --> (IRP,87) (INF2D,50) (AV,59)	
Aney --> (NIP,54)	
Arkell --> (BIO2,99) (AV,81)	
Annand --> (IJP,68) (ABS,52) (DISS,97) (AR,97) (AGTA,92) (ADBS,55)	
Ackley --> (AGTA,65) (IRP,77) (PPLS,80) (ADBS,63) (TTS,84) (PM,61)	
Ackerman --> (ABS,83) (IAML,74) (AR,58) (DAPA,78)	
Allerton --> (CCN,64) (ANLP,71)	
Angleton --> (AR,82) (BIO2,92) (RTN,72) (HCI,52) (TDD,58) (ABS,45)	
Finley --> (ES,96) (AGTA,88) (INF1-CG,74) (EXC,51) (TDD,76)	
Ackland --> (IRP,85) (INF2D,81)	
Juliet --> (PPLS,99) (INF2D,54) (IAML,89) (BIO2,63) (ES,87) (ADS,80)	
Airington --> (ABS,60) (TTS,69) (IAML,90) (ADBS,60) (SLIP,96) (DAPA,97)	
Addison --> (IJP,68)	
Allport --> (NIP,89)	
Ady --> (IRR,77)	
Allee --> (TDD,67) (IRP,78)	
Alcock --> (BIO2,100) (TDD,76)	
Ambler --> (ADS,49)	
Appleby --> (ADBS,61)	
Annear --> (IRP,70) (DMR,85)	
Joshua --> (IJP,83)	
Alcock --> (AGTA,91)	
Ellis --> (IAML,61)	
Adley --> (AR,41) (BIO2,47)	
Amason --> (IRR,55) (ASR,68) (TTS,100) (IJP,99) (IAML,92)	
Acomb --> (AV,53)	
Finley --> (DISS,60) (EXC,53)	
Anness --> (HCI,96) (IAML,55)	
Bernard --> (ABS,66)	
Allsop --> (DAPA,81)	
Adcock --> (INF2D,86) (CCN,52)	
Alvin --> (HCI,61)	
Antley --> (IAML,98) (ABS,62)	
Adkins --> (NIP,88) (DAPA,68)	
Finley --> (ASR,62) (BIO1,100) (TTS,43)	
Alison --> (EXC,61) (IAML,61)	
Allgood --> (ADBS,76)	
Spencer --> (INF2D,70) (TTS,63) (ADS,92)	
Arling --> (AR,71) (INF1-CG,70) (CT,41) (RTN,64) (NIP,49) (SLIP,41)	
Annable --> (BIO1,96) (ADS,41) (PM,50) (ABS,84)	
Arch --> (IRP,50) (IAML,97) (PPLS,91)	
Jude --> (BIO1,79) (CCN,63) (DAPA,94) (BIO2,99)	
Josh --> (EXC,94) (IAML,72) (CCN,82) (COC,49) (IJP,89) (AR,84) (ASR,61) (BIO1,92)	
Sebastian --> (INF2D,66)	
Ackerman --> (COPT,65)	
Amber --> (IRP,75)	
Allsopp --> (BIO1,99)	
Ammon --> (BIO1,89) (DMR,60) (TTS,61)	
Allison --> (CT,88)	
Alsop --> (TTS,55)	
Akers --> (TDD,85) (INF1-CG,82)	
Alleyne --> (PPLS,72)	
Jordan --> (CT,65)	
Acock --> (COPT,58)	
Alridge --> (AGTA,68)	
Alsip --> (SLIP,89)	
Ambrose --> (BIO1,44)	
Dasia --> (ADS,58)	
Tyler --> (CCN,47)	
Sebastian --> (TDD,99) (CCN,86) (INF2D,57) (ADS,60)	
Braden --> (HCI,75)	
Deasia --> (IJP,77) (AGTA,65) (ANLP,54)	
Kailey --> (PM,80)	
Abby --> (BIO1,91)	
Agard --> (BIO1,65) (TDD,81) (AGTA,78)	
Sebastian --> (BIO2,54) (IJP,68)	
Kieran --> (ES,99)	
Cristal --> (DISS,54) (ABS,88) (NIP,59) (IRP,91)	
Kalyn --> (AV,97) (INF1-CG,80) (ANLP,68)	
Logan --> (TTS,75)	
Anchors --> (ADS,83) (EXC,59) (TTS,65)	
Allin --> (BIO2,100) (PPLS,73) (DAPA,72)	
Mason --> (ANLP,81) (PM,91)	
Alfrey --> (ES,45)	
Ale --> (SLIP,64)	
Appleberry --> (BIO1,83)	
Ansell --> (COC,62)	
Afton --> (INF1-CG,94)	
Joshua --> (AR,77)	
Andros --> (TDD,61)	
Louis --> (EXC,53)	
Amerson --> (RTN,41) (IRP,66)	
Aldred --> (IRP,79)	
Amber --> (AV,47) (CCN,58)	
Joseph --> (HCI,94) (TTS,62) (IAML,98)	
Dania --> (SLIP,51)	
Addington --> (INF1-CG,64)	
Adcox --> (SLIP,85)	
Alsobrook --> (NIP,83)	
Acuff --> (ES,91)	
Andry --> (TTS,97) (ES,98) (DISS,54) (RTN,53) (AV,75)	
Kaela --> (INF1-CG,87) (IRR,45)	
Acton --> (AR,47)	
Kaley --> (TDD,82) (BIO2,100)	
Delaney --> (INF1-CG,69) (AGTA,86)	
Agers --> (TDD,69)	
Leo --> (TTS,77)	
Abbitt --> (PPLS,59)	
Anstey --> (ES,79) (BIO2,93)	
Aney --> (EXC,60) (INF1-CG,63)	
Argent --> (AGTA,68)	
Arington --> (NIP,55)	
Allam --> (IJP,87)	
Kyle --> (EXC,87) (DISS,41) (ASR,64)	
Abbot --> (PPLS,98)	
Alcock --> (EXC,59)	
Acuff --> (AR,76) (INF1-CG,42)	
Delilah --> (CCN,78) (DMR,74) (DISS,66)	
Allums --> (TDD,92)	
Agate --> (ANLP,75) (NIP,79) (IJP,87)	
Appleyard --> (COPT,77) (EXC,40) (NIP,87)	
Corinne --> (INF1-CG,87) (ABS,59) (RTN,96) (BIO1,89)	
Angevine --> (ABS,78) (BIO2,76) (DAPA,95) (ES,58) (SLIP,95) (INF2D,72)	
Alloway --> (ADS,89) (CCN,50)	
Kyle --> (SLIP,51)	
Alton --> (PM,60)	
Alsobrook --> (DMR,87) (COC,40)	
Adrian --> (ADS,48) (COPT,49)	
Annas --> (TDD,99)	
Julianna --> (AV,66)	
Adkins --> (PPLS,85) (ASR,74)	
Cora --> (TDD,79) (PPLS,81)	
Logan --> (IRR,96)	
Jamie --> (IJP,52)	
Elliot --> (PPLS,79)	
Josh --> (ADS,50)	
Allis --> (PM,100)	
Anne --> (IRR,98) (SLIP,94)	
Claudia --> (SLIP,84) (DMR,97)	
Dana --> (SLIP,50)	
Appleberry --> (DAPA,40) (DISS,57)	
Allsup --> (IJP,98)	
Elliot --> (INF1-CG,69)	
Amesbury --> (TTS,77)	
Daisy --> (IJP,96)	
Alcott --> (ADBS,67) (TDD,67)	
Ake --> (ES,48)	
Albert --> (CT,45)	
Ancell --> (ADBS,74) (IAML,81)	
Ellis --> (COC,80)	
Alday --> (AGTA,58) (AV,51)	
Alley --> (BIO1,81) (INF1-CG,75)	
Arber --> (INF2D,67)	
Alls --> (AV,92) (ASR,98)	
Ailes --> (AV,61)	
Alvis --> (INF2D,75) (COC,91)	
Kaley --> (ADS,63) (TTS,87) (EXC,42)	
Allyn --> (INF2D,82) (AR,65)	
Allwood --> (PM,69)	
Antley --> (DMR,67)	
Allston --> (NIP,91) (DAPA,93)	
Louis --> (TTS,55)	
Ackroyd --> (IRP,83)	
Acock --> (IRP,77) (DMR,42) (AGTA,97) (BIO1,49) (ADS,70) (AV,86)	
Amos --> (COPT,58)	
Adgate --> (DAPA,84)	
Matthew --> (DAPA,75) (BIO2,56)	
Applin --> (ASR,75) (IJP,44)	
Joshua --> (NIP,75) (EXC,78) (AGTA,75)	
Albin --> (DISS,94)	
Finley --> (ABS,42)	
Anable --> (IAML,89)	
Juliet --> (SLIP,65)	
Ailstock --> (PPLS,45)	
Angwin --> (ABS,44)	
Alders --> (AR,68)	
Kaia --> (HCI,97)	
Joel --> (BIO2,81)	
Andrew --> (AR,52)	
Allinson --> (HCI,85) (IRP,91)	
Allums --> (DAPA,62) (RTN,68)	
Braden --> (IRP,40) (ES,89)	
Amor --> (BIO1,40)	
Ethan --> (ADBS,54)	
Adrian --> (ANLP,72)	
Joyce --> (ASR,87)	
Antle --> (TTS,51) (IAML,77) (INF1-CG,93) (CT,54)	
Barry --> (COPT,52) (HCI,95)	
Deja --> (IRR,84)	
Alleyne --> (PPLS,76)	
Amey --> (HCI,71) (COPT,45)	
Andry --> (INF1-CG,96)	
Antcliff --> (RTN,84)	
Danielle --> (IRP,57)	
Delilah --> (CCN,74)	
Angleton --> (BIO2,96) (ES,87)	
Julianna --> (COC,95)	
Joshua --> (ABS,58)	
Acton --> (NIP,67)	
Aguillard --> (IJP,66)	
Alders --> (TTS,49) (IJP,54) (CT,70) (INF1-CG,53) (COC,93)	
Anthony --> (DISS,82) (INF1-CG,86) (IJP,87) (ANLP,61)	
Oscar --> (ABS,67) (DISS,44) (COPT,74) (PM,64)	
Allanson --> (IAML,71)	
Anable --> (IRP,92) (BIO1,66) (COC,56)	
Alman --> (ASR,47) (ES,66) (ADS,99) (TDD,80) (IRP,96) (SLIP,79)	
Kalyn --> (COPT,85) (TTS,67) (IJP,87) (NIP,54) (ES,89) (DAPA,55)	
Bevis --> (EXC,68) (TDD,92) (AGTA,66)	
Bartholomew --> (DISS,52) (ANLP,72) (INF1-CG,86)	
Amory --> (PPLS,53)	
Jonathan --> (AR,90)	
Acton --> (AV,45) (ES,100) (DMR,88)	
Angley --> (ANLP,54) (DISS,81)	
Thomas --> (COC,50)	
Addicott --> (COC,78) (INF2D,51)	
Alderson --> (ASR,72)	
Abram --> (AR,46)	
Finlay --> (COPT,44) (ADS,91)	
Aldredge --> (IRR,56)	
Leon --> (CT,52)	
Kacie --> (IRR,57)	
Annand --> (TDD,69) (EXC,74) (BIO1,40) (IRP,75) (IRR,71)	
Alton --> (HCI,86) (TDD,73) (ADS,62)	
Ailey --> (IRP,95) (EXC,82)	
Abbitt --> (ANLP,82) (PM,72) (NIP,99)	
Crystal --> (DISS,63)	
Arden --> (ADS,89)	
Sean --> (DAPA,52)	
Bradley --> (ABS,71)	
Taylor --> (PM,100)	
Allie --> (IJP,94)	
Agate --> (DMR,86) (INF1-CG,83)	
Annas --> (IRR,61) (TTS,66) (AGTA,49) (ES,93)	
Deanna --> (IRP,82) (DAPA,82) (INF1-CG,59) (COC,64)	
Ament --> (DISS,96)	
Kian --> (CT,86) (AR,49)	
Aldis --> (ASR,68) (BIO2,77) (PM,57) (HCI,46)	
Ammon --> (IJP,88)	
Angley --> (BIO2,65)	
Dylan --> (NIP,92)	
Brandan --> (NIP,86)	
Allred --> (DMR,59) (EXC,58) (COPT,85) (AGTA,54) (ADBS,82)	
Akin --> (HCI,80) (COC,87)	
Spencer --> (DAPA,41)	
Daisy --> (BIO1,87)	
John --> (PPLS,50)	
Alling --> (CCN,63) (BIO1,61)	
Harvey --> (CT,49)	
Able --> (CCN,44)	
Annas --> (ADBS,76) (NIP,92)	
Ailstock --> (ADS,68) (DISS,84) (CCN,41)	
Bowen --> (COC,99)	
Anctil --> (NIP,81) (ADBS,47) (IRP,63) (AR,85) (PM,89)	
John --> (AGTA,55)	
Kallie --> (DISS,90) (TTS,74) (DMR,66)	
Addington --> (AR,98) (DAPA,87)	
Allread --> (AR,78)	
Alleyne --> (TDD,86)	
Alway --> (TTS,73)	
Alligood --> (ANLP,46)	
Arkwright --> (BIO1,76)	
Kalyn --> (PM,50)	
Abbey --> (BIO2,87) (ADBS,73) (TTS,64) (COPT,63)	
Adley --> (TTS,41) (CCN,60)	
Basil --> (IRP,95) (ADBS,84) (CT,78) (AGTA,60)	
Finlay --> (CCN,70) (HCI,41)	
Acre --> (BIO2,51)	
Ailstock --> (HCI,64) (TTS,60)	
Ann --> (AV,74)	
Alway --> (ABS,52) (AGTA,92)	
Allee --> (EXC,75) (DISS,92)	
Alvin --> (AR,41)	
Archdeacon --> (TDD,70) (PPLS,54)	
Addy --> (BIO1,78) (TDD,73)	
Angleton --> (BIO2,97)	
Ancell --> (TDD,42) (TTS,98)	
Kailey --> (ANLP,90)	
Allford --> (ANLP,73) (BIO2,88) (IAML,87)	
Blake --> (CT,87) (CCN,60)	
Ament --> (AV,71)	
Archey --> (IAML,96) (NIP,61) (PM,53)	
Jay --> (IJP,43)	
Andrew --> (ASR,83) (ES,72)	
Dasia --> (DISS,64) (DMR,50) (SLIP,64)	
Allsbrook --> (CT,79) (ASR,55)	
Alston --> (ABS,66)	
Alwin --> (SLIP,74) (BIO2,48) (EXC,59)	
Aduddell --> (INF2D,67) (AR,72)	
Alworth --> (INF1-CG,74) (NIP,63)	
Appling --> (IJP,92)	
Aldous --> (DMR,100) (IAML,49)	
Adey --> (ASR,53)	
Acey --> (RTN,93)	
Allen --> (COC,43)	
