100	A	59
1001	A	50
1006	A	55
101	A	40
1012	A	13
101561	Q
1016	Q
1016	A	1
1022	A	93
1023	Q
1023	A	231
1025	A	77
1026	A	234
1028	Q
1028	A	2189331
103	A	72
1034	A	116
1039	Q
1039	A	46
1043	A	55
1044	Q
1044	A	227
1047	A	227
1049	A	234
1050	A	234
1051	A	2189331
1054	A	13
1055	A	234
1056	Q
1056	A	234
1057	A	55
1061	Q
1061	A	3
1062	A	116
1065	A	116
1066	A	231
107	A	61
1071	A	257
1072	A	122
1073	Q
1073	A	2189331
1074	Q
1074	A	1
1077	A	214
1082	A	116
1086	A	2090742
1090	A	86
1092	A	61
1093	A	51
1095	A	51
1096	Q
1096	A	41
110	A	36
1109	Q
1109	A	13
111	Q
111	A	146270
1114	A	227
112	Q
112	A	34
1120	A	91
1121	A	269
1123	A	39
113	A	60
1130	Q
1130	A	264
1132	A	274
1134	A	274
1135	Q
1135	A	227
1136	A	40
114	A	17
1141	A	267
1142	A	268
1147	A	268
1148	A	46
1149	A	200
1151	A	188
1153	A	267
1154	Q
1154	A	268
1155	A	2090742
1157	Q
1157	A	200
1159	A	188
116	A	58
1163	A	263
1164	A	91
1168	A	120
1169	A	275
1172	A	266
1174	A	267
1175	A	206
1177	A	281
1185	A	60
1186	Q
1186	A	34
1187	A	275
1190	Q
1190	A	258
1191	A	188
12	A	1
1201	A	91
1202	A	192
1203	Q
1203	A	207
1216	A	120
12202	Q
1226	A	257
1232	Q
1232	A	48
1235	A	173
1236	A	149
1238	A	206
124	Q
124	A	26
1240	A	34
1242	A	39
1243	Q
1243	A	264
12446	Q
1248	Q
1248	A	268
1252	A	30
1257	A	206
1263	A	257
1264	A	91
1265	A	61
1266	A	267
1269	A	48
127	Q
127	A	35
1271	A	205
1272	Q
1272	A	268
1275	Q
1275	A	46
1278	A	275
128	A	26
1281	A	35
1290	A	268
1297	A	25
1303	A	267
1305	Q
1305	A	192
1309	Q
1309	A	267
13107	Q
1312	A	91
1317	A	48
1318	Q
1318	A	216
1319	Q
1319	A	91
1320	A	312
1321	A	268
1322	A	267
1325	Q
1325	A	39
1328	A	121
133	A	59
1331	A	39
1332	A	313
1333	A	91
1334	A	267
1335	A	29
1336	A	121
1337	A	194
1338	Q
1338	A	17
1339	Q
1339	A	91
1340	A	267
1341	A	268
1342	A	17
1346	A	2089740
1347	A	17
1348	A	199
1349	A	83
135	A	72
1351	A	267
1353	A	91
1356	A	314
1359	A	35
1364	A	35
1367	Q
1367	A	316
1375	A	136
1378	A	269
1380	A	26
1381	A	206
139	A	72
1393	Q
1393	A	266
1394	Q
1394	A	91
1397	A	40
1398	A	34
1399	A	200
1404	Q
1404	A	212
1405	A	225
141	A	71
1413	A	269
1414	A	60
1415	A	70
1418	Q
1418	A	35
142	A	42
1420	A	26
1421	Q
1421	A	58
1425	Q
1425	A	1384652
1427	A	307
1428	A	45
143	A	86
1430	A	269
1435	A	60
1437	A	55
1443907	Q
1446	A	307
1447	A	200
1454	A	292
1456	Q
1456	A	40
1459	A	200
1462	A	304
1464	A	26
1465	A	333
1466	A	192
1468	Q
1468	A	60
147	A	146637
1474	A	198
1477	Q
1477	A	296
1478	A	305
1479	A	269
148	A	71
1484	A	2089740
1488	A	35
149	A	80
1490	A	198
1495	A	269
1504	A	59
1506	A	83
1509	A	91
151	A	44
1514	Q
1514	A	27
1515	A	2089740
1517	Q
1517	A	199
152	Q
152	A	146637
1522	A	83
1524	A	304
1525	Q
1525	A	59
1527	A	149
153	A	59
1533	A	91
1534	A	34
1536	A	122
1538	A	92
154	Q
154	A	146637
1540	A	91
1544	Q
1544	A	92
1545	A	269
1546	Q
1546	A	224
155	A	9
1550	A	313
1554	A	96
1556	Q
1556	A	313
1559	Q
1561	A	153
1565	A	91
1577	Q
1577	A	92
1578	A	307
1579	A	58
158	A	70
1581	A	2089740
1582	A	332
1583	Q
1583	A	55
1585	A	2089740
1586	A	122
1587	A	341
1588	A	71
1589	A	25
159	A	42
1590	A	271
1591	A	71
1592	A	83
1594	A	271
1595	A	102
1596	A	199
1599	A	67
160	A	17
1601	A	52
1602	A	1384652
1606	A	318
1608	A	52
1609	A	52
161	A	33
1611	A	1384652
1617	A	173
1619	Q
1619	A	92
162	Q
162	A	17
1620	A	318
1621	Q
1621	A	224
1622	A	1384652
1624	A	192
1627	Q
1627	A	92
1628	Q
1628	A	52
1640	A	27
1646	A	225
1647	A	52
1649	A	1384652
165	A	2189331
1651	A	72
1653	A	117
1654	A	199
1655	A	52
1656	A	122
1657	A	207
166	A	17
1660	A	308
1661	A	116
1662	A	48
1665	A	3
1666	Q
1666	A	216
1667	Q
1667	A	275
167	A	30
1670	A	230
1672	Q
1672	A	91
1673	Q
1673	A	308
1678	A	52
1684	A	115
1686	A	316
1687	A	230
1688	A	91
169	A	93
1693	A	101
170	Q
170	A	59
1703	A	183
1704	Q
1704	A	59
1706	A	91
1707	A	200
171170	Q
1713	A	92
1716	A	292
1718	A	137
1721	A	101
1724	Q
1724	A	91
1725	A	137
1728	A	303
1733	A	275
1739	A	164
17396	Q
1749	Q
1749	A	137
1752	A	332
1756	A	234
1758	A	137
1764	A	137
1765	A	307
176741	Q
1771	Q
1771	A	219
1772	A	234
1773	Q
1773	A	164
1774	A	234
1775	Q
1775	A	116
1776	A	313
1778	A	234
1780	Q
1780	A	77
1788	A	157
1789	A	77
1793	Q
1793	A	307
1794	A	117
1798	A	357
1803	A	332
1806	A	292
1812	Q
1812	A	62
1820	A	358
1821	Q
1821	A	308
1824	A	205
1826	A	205
183	Q
183	A	86
1840	A	116
1843	Q
1843	A	275
1849	A	87
1852	Q
1852	A	116
1856	Q
1856	A	2089740
1857	Q
1857	A	2089740
186	A	40
1870	A	30
1871	A	216
1875	A	30
1879	A	116
1881	A	26
1885	A	50
1886	Q
1886	A	275
1889	A	242
1894	A	160
190	A	55
1901	Q
1901	A	303
1904	A	172
1905	A	50
1907	A	52
1909	A	363
1910	A	157
1911	A	5
1912	A	122
1914	A	231
1920	A	198
1926	A	157
1927	A	342
1928	A	51
1934	A	328
1940	Q
1940	A	364
1945	Q
1945	A	328
1948	A	22
195	A	80
1957	A	46
1959	A	269
197	Q
197	A	71
1971	A	269
1974	A	116
1980	A	52
1985	A	122
1986	A	269
1987	A	269
199	A	50
1992	A	269
1993	A	122
1996	A	227
1998	A	122
2001	Q
2001	A	195
2002	A	192
2003	A	5
2005	A	232
2006	A	116
2008	A	198
2009	A	122
2012	Q
2012	A	227
2013	A	192
2017	Q
2017	A	48
2019	A	342
202	A	71
2023	A	370
2025	A	298
2028	A	46
2032	A	137
2033	A	370
2035	A	369
2036	Q
2036	A	137
2040	A	332
2042	A	269
2044	Q
2044	A	91
2047	Q
2047	A	358
2049	A	266
2050	A	200
2051	A	188
2054	A	188
2057	A	200
2058	A	371
206	Q
206	A	35
2064	A	269
2065	A	377
2066	A	259
2067	A	364
2068	A	372
2069	A	307
207	Q
207	A	50
2070	A	377
2073	A	198
2080	Q
2080	A	383
2086	A	95
2096	A	266
2099	A	230
21	A	13
210	A	39
2105	A	230
2110	A	372
2111	A	298
2114	A	369
2118	A	389
212	A	96
2122	A	91
2126	A	120
2132	A	193
2133	A	383
2142	A	371
2146	A	372
2147	Q
2147	A	91
2148	A	200
2156	A	296
2177	A	136
2182	Q
2183	Q
22	A	17
2223	Q
2245	Q
2277	Q
229	A	91
2310	Q
233	A	71
2335	Q
235	A	91
236	A	48
238	A	34
2382	Q
239	A	61
240	A	34
241	A	91
243	A	71
250	Q
250	A	48
252	A	34
253	A	55
2530953	Q
257	A	146637
258	Q
258	A	55
2585	Q
26	Q
26	A	48
266	Q
266	A	34
268	A	101
269	A	91
27	A	17
2700	Q
273	A	103
27335	Q
274	A	40
275	A	101
276	A	55
278	A	106
283	A	40
284	A	60
285	A	2
28705	Q
29	A	19
290	A	106
291	A	109
292	A	91
29211	Q
2928	Q
2943318	Q
297	A	40
298	Q
298	A	49
2982	Q
30	A	13
3020	Q
304	A	91
3040	Q
307	Q
307	A	49
31	Q
310	A	55
31910	Q
329	A	59
33	A	13
331	A	58
332	Q
332	A	59
335	A	50
338	A	61
339	Q
339	A	59
33957	Q
342	Q
342	A	59
344	A	100
347	A	50
3490980	Q
3507075	Q
352	Q
352	A	5
354	A	116
356	A	116
357	Q
357	A	115
358	A	109
359	A	119
360	Q
360	A	109
362	Q
362	A	80
363	A	117
364	A	122
367	A	116
368	A	115
37	A	23
37042	Q
375	A	124
377	A	122
384	Q
384	A	122
388	A	118
391	A	134
392	A	91
394225	Q
396	Q
396	A	136
397	A	135
398	A	135
407	A	137
411	A	137
412	A	123
414	Q
414	A	139
420	A	133
421	A	34
423	A	117
42406	Q
426	A	111
430	A	136
431	A	34
43110	Q
432	Q
432	A	52
44	A	35
44389	Q
45	Q
45	A	39
451	A	17
4521	Q
467	A	144
47086	Q
471	A	147
473	Q
473	A	49
476	A	35
477578	Q
483	A	147
49	Q
49	A	43
493	A	151
497	A	50
509	Q
509	A	143
51	A	17
515	Q
515	A	136
516	Q
516	A	150
518	A	153
519	Q
519	A	136
52	A	23
521	A	154
522	A	156
525	A	154
529	A	86
53	A	34
530	A	86
531	A	157
5310	Q
532	A	86
536	A	161
537	A	156
538	A	156
539	Q
539	A	157
540	A	154
541	Q
541	A	157
551	A	156
555	A	136
56	A	39
566	Q
566	A	154
568	A	58
576	A	163
57833	Q
58	A	37
582	A	149
583	A	39
585	A	149
586	Q
586	A	34
587	A	149
589	A	116
590	A	116
591	A	111
59345	Q
595	Q
595	A	116
597	A	76
598	A	175
599	A	175
60	A	41
600	A	175
602	Q
602	A	13
603	A	175
605	A	116
607	Q
607	A	156
608	A	13
611	A	173
613	A	173
617	A	173
619	A	183
62	A	45
623	Q
623	A	154
625	A	51
62853	Q
629	A	122
63	Q
63	A	39
633	Q
633	A	33
635	A	188
63737	Q
645	A	151
65	A	35
653	A	115
655	Q
655	A	91
660	A	197
665	Q
665	A	197
667	A	197
669	Q
669	A	117
673	A	200
676	A	199
679	A	51
68	A	17
681	A	200
684	A	51
691	A	34
693	A	209
695	A	206
699	Q
699	A	30
7	Q
7	A	9
700	A	49
701	A	111
702	A	147
703	A	111
704	Q
704	A	200
707	Q
707	A	46
7090	Q
71	A	49
710	A	51
711	A	207
712	A	91
713	Q
713	A	34
715	A	189
718	A	27
723	Q
723	A	216
725	Q
725	A	205
726	A	91
7286	Q
73	A	13
730	A	2189331
734	Q
734	A	2189331
735	A	145
737	A	173
738	Q
738	A	91
739	A	206
743	A	173
745	A	154
747	A	192
7488	Q
749	A	58
750	A	199
751	A	219
753	A	192
754	A	142
755	Q
755	A	34
756	A	197
759	A	2189331
76	A	50
762	Q
762	A	214
763	A	51
7641	Q
768	A	214
77	Q
77	A	40
770	A	175
771	A	175
77397	Q
774	A	157
777	A	150
78	A	55
781	Q
781	A	229
783	A	189
787	A	175
791	A	175
794	Q
794	A	157
795	A	227
797	A	227
798	A	230
799	Q
799	A	162
802	A	1384652
806	A	58
807	A	234
809	A	52
81	A	41
811	A	1384652
815	A	198
817	A	234
818	A	233
819	A	232
82	A	51
820	Q
820	A	91
82200	Q
829	A	234
834	A	200
836	A	204
837	Q
837	A	224
838	Q
838	A	60
84	A	60
840	A	101
844	A	227
849	Q
849	A	93
850	A	204
858	Q
858	A	34
859	A	91
86	A	39
865	A	203
87	A	59
870	A	233
873	A	150
875	Q
875	A	91
876	A	34
877	A	206
880	A	34
881	A	58
884	A	159
885	Q
885	A	91
886	A	153
887	A	40
889	A	91
890	Q
890	A	200
891	A	234
893	A	234
894	Q
894	A	200
895	A	243
896	A	34
897	A	137
901	A	204
902	A	137
906	A	122
907	A	244
908	A	243
910	A	136
911	Q
911	A	55
912	A	200
92	A	61
921	A	91
922	A	118
93	A	25
931	A	116
934	A	244
936	A	91
938	Q
938	A	246
939	A	244
940	A	243
942	Q
942	A	206
943	A	91
945	A	243
950	A	206
951	Q
951	A	49
952	A	101
964	A	203
968319	Q
97	A	40
971	A	101
97294	Q
975299	Q
978	Q
978	A	116
98	Q
98	A	2089740
981	A	116
982	A	200
984	A	122
986	A	1
99	A	25
990	A	233
