1	0000000000000000000000000000000010 0000000000000000000000000000000011
1	0000000000000010 0000000000000000
1	0000000000000021 w
1	0000000000000021 g
1	00000000000003fb g
1	0000000000001000 1024
1	0000000000001000 144
3	0000000000001000 12
1	0000000000001000 20
1	0000000000001000 0000000000000000
3	0000000000001000 4
1	0000000000001000 176
6	0000000000001000 8
1	0000000000012000 8
1	0000000000012000 12
1	0000000000023000 132
2	0000000000023000 4
1	0000000000034000 8
1	000000000012f7c0 addrreturn
1	000000000012f8d0 addrreturn
