1	0000000000000010 0000000000000000000000000000000011
1	0000000000000021 0000000000000000
1	00000000000003fb w
1	00000000000003fb g
1	0000000000001000 g
1	0000000000012000 1024
1	0000000000012000 144
3	0000000000012000 12
1	0000000000012000 20
1	0000000000012000 0000000000000000
3	0000000000012000 4
1	0000000000012000 176
6	0000000000012000 8
1	0000000000023000 8
1	0000000000023000 12
1	0000000000034000 132
2	0000000000034000 4
1	000000000012f7c0 8
1	000000000012f8d0 addrreturn
1	000000000012f9e0 addrreturn
