Angel --> (EXC,53) (ES,83) (RTN,59) (AGTA,80) (ADS,76) (SLIP,98) (PPLS,95) (HCI,99) (AR,61)	
Archey --> (DMR,86) (ADS,88) (DISS,76) (NIP,98) (ANLP,99) (ABS,82) (BIO2,75) (IRR,40) (BIO1,65) (IAML,70) (EXC,79) (CT,66) (COPT,62) (IJP,69)	
Joseph --> (AR,50) (IJP,43) (SLIP,76) (TTS,75) (IRP,83) (BIO2,98) (ADBS,50) (COC,83)	
Albro --> (CCN,40) (CT,46) (IRR,74) (BIO2,80) (ADS,75) (EXC,97) (INF2D,41) (DMR,44) (TTS,44)	
Amesbury --> (DAPA,43) (ES,42) (ADS,73) (CCN,78) (IRP,95) (ANLP,82) (TDD,86)	
Antcliff --> (AGTA,90) (INF2D,49) (ABS,53) (RTN,52) (COC,40) (IAML,69) (TDD,78) (ES,42) (TTS,45)	
Alison --> (AGTA,98) (DAPA,63) (DISS,89) (TTS,80) (DMR,96) (SLIP,82) (ABS,59) (BIO2,63) (COPT,78)	
Sebastian --> (IRR,100)	
Allford --> (AR,75) (COPT,73)	
Abney --> (ES,79) (PM,81) (RTN,73) (HCI,65) (COC,72) (AV,70) (AGTA,84) (EXC,42)	
Angevine --> (SLIP,82) (IRP,56) (ABS,48) (AR,41) (ES,48)	
Louis --> (AV,77) (EXC,98) (IAML,92) (DMR,98) (IJP,79)	
Allsbrook --> (TDD,63) (COPT,41) (IRP,64) (PM,64) (COC,94) (AR,67) (INF2D,73) (AV,45)	
Alford --> (NIP,45) (BIO2,89) (EXC,62) (DISS,69) (ANLP,98) (INF2D,45)	
Archey --> (TDD,48) (AR,71) (IAML,62) (TTS,61)	
Alleyne --> (INF1-CG,67) (TTS,56) (COPT,55)	
Alsbury --> (DISS,52) (DMR,83) (EXC,89) (PPLS,51) (TTS,64) (SLIP,48) (HCI,46) (ADS,70) (IRR,67) (ADBS,71) (CT,88) (INF2D,50)	
Alban --> (ES,54) (IRR,73) (PPLS,41) (CT,44)	
Akerley --> (ANLP,84) (NIP,46) (EXC,97) (RTN,60) (TTS,60) (ASR,97) (ADS,88) (IRR,41) (TDD,78)	
Allford --> (ES,44) (RTN,99)	
